<?xml version="1.0" encoding="UTF-8"?>
<!-- Generated by org.testng.reporters.JUnitReportReporter -->
<testsuite hostname="DESKTOP-QI6H2EA" failures="0" tests="1" name="org.youCater.ventorSanitytestCases.ShowInterestInAnEvent" time="63.288" errors="0" timestamp="2023-11-30T17:11:56 PKT" skipped="0">
  <testcase classname="org.youCater.ventorSanitytestCases.ShowInterestInAnEvent" name="showInterest" time="63.288"/>
  <system-out/>
</testsuite> <!-- org.youCater.ventorSanitytestCases.ShowInterestInAnEvent -->
