<?xml version="1.0" encoding="UTF-8"?>
<!-- Generated by org.testng.reporters.JUnitReportReporter -->
<testsuite hostname="DESKTOP-QI6H2EA" failures="0" tests="2" name="org.youCater.userSanityTestCases.DeclineQuoteTestCases" time="41.249" errors="0" timestamp="2023-11-30T17:11:56 PKT" skipped="0">
  <testcase classname="org.youCater.userSanityTestCases.DeclineQuoteTestCases" name="selectEvent" time="12.969"/>
  <system-out/>
  <testcase classname="org.youCater.userSanityTestCases.DeclineQuoteTestCases" name="declineQuote" time="28.280"/>
  <system-out/>
</testsuite> <!-- org.youCater.userSanityTestCases.DeclineQuoteTestCases -->
