<?xml version="1.0" encoding="UTF-8"?>
<!-- Generated by org.testng.reporters.JUnitReportReporter -->
<testsuite hostname="DESKTOP-QI6H2EA" failures="0" tests="8" name="org.youCater.userSanityTestCases.SendBidRequestTestCases" time="109.636" errors="0" timestamp="2023-11-30T17:11:56 PKT" skipped="0">
  <testcase classname="org.youCater.userSanityTestCases.SendBidRequestTestCases" name="findCaterers" time="14.304"/>
  <system-out/>
  <testcase classname="org.youCater.userSanityTestCases.SendBidRequestTestCases" name="findCaterers" time="14.294"/>
  <system-out/>
  <testcase classname="org.youCater.userSanityTestCases.SendBidRequestTestCases" name="selecCaterer" time="6.295"/>
  <system-out/>
  <testcase classname="org.youCater.userSanityTestCases.SendBidRequestTestCases" name="selecCaterer" time="6.289"/>
  <system-out/>
  <testcase classname="org.youCater.userSanityTestCases.SendBidRequestTestCases" name="partnerDetail" time="17.643"/>
  <system-out/>
  <testcase classname="org.youCater.userSanityTestCases.SendBidRequestTestCases" name="partnerDetail" time="17.444"/>
  <system-out/>
  <testcase classname="org.youCater.userSanityTestCases.SendBidRequestTestCases" name="sendRequest" time="16.702"/>
  <system-out/>
  <testcase classname="org.youCater.userSanityTestCases.SendBidRequestTestCases" name="sendRequest" time="16.665"/>
  <system-out/>
</testsuite> <!-- org.youCater.userSanityTestCases.SendBidRequestTestCases -->
