<?xml version="1.0" encoding="UTF-8"?>
<!-- Generated by org.testng.reporters.JUnitReportReporter -->
<testsuite hostname="DESKTOP-QI6H2EA" failures="0" tests="2" name="org.youCater.userSanityTestCases.CancelEventTestCases" time="44.042" errors="0" timestamp="2023-11-30T17:11:56 PKT" skipped="0">
  <testcase classname="org.youCater.userSanityTestCases.CancelEventTestCases" name="selectEventsOnHomePage" time="21.365"/>
  <system-out/>
  <testcase classname="org.youCater.userSanityTestCases.CancelEventTestCases" name="cancelEvent" time="22.677"/>
  <system-out/>
</testsuite> <!-- org.youCater.userSanityTestCases.CancelEventTestCases -->
