<?xml version="1.0" encoding="UTF-8"?>
<!-- Generated by org.testng.reporters.JUnitReportReporter -->
<testsuite hostname="DESKTOP-QI6H2EA" failures="0" tests="19" name="org.youCater.sanityTestCases.AddPrivateEventTestCases" time="216.249" errors="0" timestamp="2023-11-05T08:06:55 PKT" skipped="0">
  <testcase classname="org.youCater.sanityTestCases.AddPrivateEventTestCases" name="privateEventTypeSelection" time="37.807"/>
  <system-out/>
  <testcase classname="org.youCater.sanityTestCases.AddPrivateEventTestCases" name="prviateOccasionTypeSelection" time="16.382"/>
  <system-out/>
  <testcase classname="org.youCater.sanityTestCases.AddPrivateEventTestCases" name="privateAddEventName" time="16.535"/>
  <system-out/>
  <testcase classname="org.youCater.sanityTestCases.AddPrivateEventTestCases" name="privateDateAndTimeSelection" time="6.698"/>
  <system-out/>
  <testcase classname="org.youCater.sanityTestCases.AddPrivateEventTestCases" name="privateGuestSelection" time="5.236"/>
  <system-out/>
  <testcase classname="org.youCater.sanityTestCases.AddPrivateEventTestCases" name="privateBudgetSelection" time="6.696"/>
  <system-out/>
  <testcase classname="org.youCater.sanityTestCases.AddPrivateEventTestCases" name="privateProviderSelection" time="6.364"/>
  <system-out/>
  <testcase classname="org.youCater.sanityTestCases.AddPrivateEventTestCases" name="privateCuisineTypeSelection" time="10.264"/>
  <system-out/>
  <testcase classname="org.youCater.sanityTestCases.AddPrivateEventTestCases" name="privateFoodTypeSelection" time="13.165"/>
  <system-out/>
  <testcase classname="org.youCater.sanityTestCases.AddPrivateEventTestCases" name="privateServiceStyleSelection" time="4.634"/>
  <system-out/>
  <testcase classname="org.youCater.sanityTestCases.AddPrivateEventTestCases" name="privateDietaryRequirementsSelection" time="5.418"/>
  <system-out/>
  <testcase classname="org.youCater.sanityTestCases.AddPrivateEventTestCases" name="privateAdditionalServicesSelection" time="5.391"/>
  <system-out/>
  <testcase classname="org.youCater.sanityTestCases.AddPrivateEventTestCases" name="privateEventVenueSelection" time="33.795"/>
  <system-out/>
  <testcase classname="org.youCater.sanityTestCases.AddPrivateEventTestCases" name="privateEventSpecialRequest" time="4.360"/>
  <system-out/>
  <testcase classname="org.youCater.sanityTestCases.AddPrivateEventTestCases" name="privateSignIn" time="9.839"/>
  <system-out/>
  <testcase classname="org.youCater.sanityTestCases.AddPrivateEventTestCases" name="privateVerifyOTP" time="2.580"/>
  <system-out/>
  <testcase classname="org.youCater.sanityTestCases.AddPrivateEventTestCases" name="privateSignUp" time="12.043"/>
  <system-out/>
  <testcase classname="org.youCater.sanityTestCases.AddPrivateEventTestCases" name="privateEventSummary" time="13.827"/>
  <system-out/>
  <testcase classname="org.youCater.sanityTestCases.AddPrivateEventTestCases" name="privateGoToHomePage" time="5.215"/>
  <system-out/>
</testsuite> <!-- org.youCater.sanityTestCases.AddPrivateEventTestCases -->
