<?xml version="1.0" encoding="UTF-8"?>
<!-- Generated by org.testng.reporters.JUnitReportReporter -->
<testsuite hostname="DESKTOP-QI6H2EA" failures="0" tests="36" name="org.youCater.userSanityTestCases.AddCorporateEventTestCases" time="402.956" errors="0" timestamp="2023-11-30T17:11:56 PKT" skipped="0">
  <testcase classname="org.youCater.userSanityTestCases.AddCorporateEventTestCases" name="corporateEventTypeSelection" time="3.266"/>
  <system-out/>
  <testcase classname="org.youCater.userSanityTestCases.AddCorporateEventTestCases" name="corporateEventTypeSelection" time="3.340"/>
  <system-out/>
  <testcase classname="org.youCater.userSanityTestCases.AddCorporateEventTestCases" name="corporateEventTypeSelection" time="3.201"/>
  <system-out/>
  <testcase classname="org.youCater.userSanityTestCases.AddCorporateEventTestCases" name="corporateOccasionTypeSelection" time="13.255"/>
  <system-out/>
  <testcase classname="org.youCater.userSanityTestCases.AddCorporateEventTestCases" name="corporateOccasionTypeSelection" time="13.173"/>
  <system-out/>
  <testcase classname="org.youCater.userSanityTestCases.AddCorporateEventTestCases" name="corporateOccasionTypeSelection" time="13.157"/>
  <system-out/>
  <testcase classname="org.youCater.userSanityTestCases.AddCorporateEventTestCases" name="corporateDateAndTimeSelection" time="6.459"/>
  <system-out/>
  <testcase classname="org.youCater.userSanityTestCases.AddCorporateEventTestCases" name="corporateDateAndTimeSelection" time="6.815"/>
  <system-out/>
  <testcase classname="org.youCater.userSanityTestCases.AddCorporateEventTestCases" name="corporateDateAndTimeSelection" time="6.578"/>
  <system-out/>
  <testcase classname="org.youCater.userSanityTestCases.AddCorporateEventTestCases" name="corporateGuestSelection" time="4.760"/>
  <system-out/>
  <testcase classname="org.youCater.userSanityTestCases.AddCorporateEventTestCases" name="corporateGuestSelection" time="4.883"/>
  <system-out/>
  <testcase classname="org.youCater.userSanityTestCases.AddCorporateEventTestCases" name="corporateGuestSelection" time="4.878"/>
  <system-out/>
  <testcase classname="org.youCater.userSanityTestCases.AddCorporateEventTestCases" name="corporateProviderSelection" time="6.182"/>
  <system-out/>
  <testcase classname="org.youCater.userSanityTestCases.AddCorporateEventTestCases" name="corporateProviderSelection" time="6.149"/>
  <system-out/>
  <testcase classname="org.youCater.userSanityTestCases.AddCorporateEventTestCases" name="corporateProviderSelection" time="6.115"/>
  <system-out/>
  <testcase classname="org.youCater.userSanityTestCases.AddCorporateEventTestCases" name="corporateCuisineTypeSelection" time="10.225"/>
  <system-out/>
  <testcase classname="org.youCater.userSanityTestCases.AddCorporateEventTestCases" name="corporateCuisineTypeSelection" time="10.191"/>
  <system-out/>
  <testcase classname="org.youCater.userSanityTestCases.AddCorporateEventTestCases" name="corporateCuisineTypeSelection" time="10.228"/>
  <system-out/>
  <testcase classname="org.youCater.userSanityTestCases.AddCorporateEventTestCases" name="corporateFoodTypeSelection" time="13.027"/>
  <system-out/>
  <testcase classname="org.youCater.userSanityTestCases.AddCorporateEventTestCases" name="corporateFoodTypeSelection" time="12.829"/>
  <system-out/>
  <testcase classname="org.youCater.userSanityTestCases.AddCorporateEventTestCases" name="corporateFoodTypeSelection" time="12.803"/>
  <system-out/>
  <testcase classname="org.youCater.userSanityTestCases.AddCorporateEventTestCases" name="corporateEventVenueSelection" time="30.392"/>
  <system-out/>
  <testcase classname="org.youCater.userSanityTestCases.AddCorporateEventTestCases" name="corporateEventVenueSelection" time="30.200"/>
  <system-out/>
  <testcase classname="org.youCater.userSanityTestCases.AddCorporateEventTestCases" name="corporateEventVenueSelection" time="29.882"/>
  <system-out/>
  <testcase classname="org.youCater.userSanityTestCases.AddCorporateEventTestCases" name="privateAddEventName" time="11.363"/>
  <system-out/>
  <testcase classname="org.youCater.userSanityTestCases.AddCorporateEventTestCases" name="privateAddEventName" time="11.359"/>
  <system-out/>
  <testcase classname="org.youCater.userSanityTestCases.AddCorporateEventTestCases" name="privateAddEventName" time="11.415"/>
  <system-out/>
  <testcase classname="org.youCater.userSanityTestCases.AddCorporateEventTestCases" name="corporateBudgetSelection" time="16.269"/>
  <system-out/>
  <testcase classname="org.youCater.userSanityTestCases.AddCorporateEventTestCases" name="corporateBudgetSelection" time="16.221"/>
  <system-out/>
  <testcase classname="org.youCater.userSanityTestCases.AddCorporateEventTestCases" name="corporateBudgetSelection" time="16.363"/>
  <system-out/>
  <testcase classname="org.youCater.userSanityTestCases.AddCorporateEventTestCases" name="corporateEventSummary" time="13.418"/>
  <system-out/>
  <testcase classname="org.youCater.userSanityTestCases.AddCorporateEventTestCases" name="corporateEventSummary" time="15.963"/>
  <system-out/>
  <testcase classname="org.youCater.userSanityTestCases.AddCorporateEventTestCases" name="corporateEventSummary" time="13.189"/>
  <system-out/>
  <testcase classname="org.youCater.userSanityTestCases.AddCorporateEventTestCases" name="corporateGoToHomePage" time="5.149"/>
  <system-out/>
  <testcase classname="org.youCater.userSanityTestCases.AddCorporateEventTestCases" name="corporateGoToHomePage" time="5.147"/>
  <system-out/>
  <testcase classname="org.youCater.userSanityTestCases.AddCorporateEventTestCases" name="corporateGoToHomePage" time="5.112"/>
  <system-out/>
</testsuite> <!-- org.youCater.userSanityTestCases.AddCorporateEventTestCases -->
