<?xml version="1.0" encoding="UTF-8"?>
<!-- Generated by org.testng.reporters.JUnitReportReporter -->
<testsuite hostname="DESKTOP-QI6H2EA" failures="0" tests="8" name="org.youCater.ventorSanitytestCases.RequestAcceptanceAndQuoteSubmissionTestCases" time="49.951" errors="0" timestamp="2023-11-30T17:11:56 PKT" skipped="0">
  <testcase classname="org.youCater.ventorSanitytestCases.RequestAcceptanceAndQuoteSubmissionTestCases" name="goToActiveEvents" time="2.136"/>
  <system-out/>
  <testcase classname="org.youCater.ventorSanitytestCases.RequestAcceptanceAndQuoteSubmissionTestCases" name="goToDirectEvents" time="2.264"/>
  <system-out/>
  <testcase classname="org.youCater.ventorSanitytestCases.RequestAcceptanceAndQuoteSubmissionTestCases" name="selectADirectEvent" time="0.300"/>
  <system-out/>
  <testcase classname="org.youCater.ventorSanitytestCases.RequestAcceptanceAndQuoteSubmissionTestCases" name="checkDetails" time="8.153"/>
  <system-out/>
  <testcase classname="org.youCater.ventorSanitytestCases.RequestAcceptanceAndQuoteSubmissionTestCases" name="acceptRequest" time="6.190"/>
  <system-out/>
  <testcase classname="org.youCater.ventorSanitytestCases.RequestAcceptanceAndQuoteSubmissionTestCases" name="goToChatMenu" time="14.672"/>
  <system-out/>
  <testcase classname="org.youCater.ventorSanitytestCases.RequestAcceptanceAndQuoteSubmissionTestCases" name="goToMyQuoteMenu" time="3.254"/>
  <system-out/>
  <testcase classname="org.youCater.ventorSanitytestCases.RequestAcceptanceAndQuoteSubmissionTestCases" name="submitQuote" time="12.982"/>
  <system-out/>
</testsuite> <!-- org.youCater.ventorSanitytestCases.RequestAcceptanceAndQuoteSubmissionTestCases -->
