<?xml version="1.0" encoding="UTF-8"?>
<!-- Generated by org.testng.reporters.JUnitReportReporter -->
<testsuite hostname="DESKTOP-QI6H2EA" failures="0" tests="5" name="org.youCater.userSanityTestCases.AcceptQuoteTestCases" time="128.764" errors="0" timestamp="2023-11-30T17:11:56 PKT" skipped="0">
  <testcase classname="org.youCater.userSanityTestCases.AcceptQuoteTestCases" name="selectEventsOnHomePage" time="11.076"/>
  <system-out/>
  <testcase classname="org.youCater.userSanityTestCases.AcceptQuoteTestCases" name="viewPartnerProfile" time="27.647"/>
  <system-out/>
  <testcase classname="org.youCater.userSanityTestCases.AcceptQuoteTestCases" name="selectActiveQuote" time="3.093"/>
  <system-out/>
  <testcase classname="org.youCater.userSanityTestCases.AcceptQuoteTestCases" name="AcceptQuote" time="29.569"/>
  <system-out/>
  <testcase classname="org.youCater.userSanityTestCases.AcceptQuoteTestCases" name="makePayment" time="57.379"/>
  <system-out/>
</testsuite> <!-- org.youCater.userSanityTestCases.AcceptQuoteTestCases -->
