<?xml version="1.0" encoding="UTF-8"?>
<!-- Generated by org.testng.reporters.JUnitReportReporter -->
<testsuite hostname="DESKTOP-QI6H2EA" failures="0" tests="4" name="org.youCater.userSanityTestCases.ProfileTestCases" time="33.004" errors="0" timestamp="2023-11-30T17:11:56 PKT" skipped="0">
  <testcase classname="org.youCater.userSanityTestCases.ProfileTestCases" name="goToProfile" time="5.737"/>
  <system-out/>
  <testcase classname="org.youCater.userSanityTestCases.ProfileTestCases" name="editProfile" time="9.043"/>
  <system-out/>
  <testcase classname="org.youCater.userSanityTestCases.ProfileTestCases" name="logout" time="6.291"/>
  <system-out/>
  <testcase classname="org.youCater.userSanityTestCases.ProfileTestCases" name="signInAfterLogout" time="11.933"/>
  <system-out/>
</testsuite> <!-- org.youCater.userSanityTestCases.ProfileTestCases -->
