<?xml version="1.0" encoding="UTF-8"?>
<!-- Generated by org.testng.reporters.JUnitReportReporter -->
<testsuite hostname="DESKTOP-QI6H2EA" failures="0" tests="1" name="org.youCater.ventorSanitytestCases.VendorLoginTestCases" time="16.468" errors="0" timestamp="2023-11-30T17:11:56 PKT" skipped="0">
  <testcase classname="org.youCater.ventorSanitytestCases.VendorLoginTestCases" name="login" time="16.468"/>
  <system-out/>
</testsuite> <!-- org.youCater.ventorSanitytestCases.VendorLoginTestCases -->
