<?xml version="1.0" encoding="UTF-8"?>
<!-- Generated by org.testng.reporters.JUnitReportReporter -->
<testsuite hostname="DESKTOP-QI6H2EA" failures="0" tests="1" name="org.youCater.ventorSanitytestCases.DeclineRequestTestCases" time="46.222" errors="0" timestamp="2023-11-30T17:11:56 PKT" skipped="0">
  <testcase classname="org.youCater.ventorSanitytestCases.DeclineRequestTestCases" name="declineRequest" time="46.222"/>
  <system-out/>
</testsuite> <!-- org.youCater.ventorSanitytestCases.DeclineRequestTestCases -->
