<?xml version="1.0" encoding="UTF-8"?>
<!-- Generated by org.testng.reporters.JUnitReportReporter -->
<testsuite hostname="DESKTOP-QI6H2EA" failures="0" tests="18" name="org.youCater.userSanityTestCases.AddPrivateEventTestCases" time="217.863" errors="0" timestamp="2023-11-13T14:09:54 PKT" skipped="0">
  <testcase classname="org.youCater.userSanityTestCases.AddPrivateEventTestCases" name="privateEventTypeSelection" time="6.766"/>
  <system-out/>
  <testcase classname="org.youCater.userSanityTestCases.AddPrivateEventTestCases" name="prviateOccasionTypeSelection" time="16.342"/>
  <system-out/>
  <testcase classname="org.youCater.userSanityTestCases.AddPrivateEventTestCases" name="privateAddEventName" time="17.529"/>
  <system-out/>
  <testcase classname="org.youCater.userSanityTestCases.AddPrivateEventTestCases" name="privateDateAndTimeSelection" time="8.561"/>
  <system-out/>
  <testcase classname="org.youCater.userSanityTestCases.AddPrivateEventTestCases" name="privateGuestSelection" time="8.610"/>
  <system-out/>
  <testcase classname="org.youCater.userSanityTestCases.AddPrivateEventTestCases" name="privateBudgetSelection" time="8.562"/>
  <system-out/>
  <testcase classname="org.youCater.userSanityTestCases.AddPrivateEventTestCases" name="privateProviderSelection" time="7.395"/>
  <system-out/>
  <testcase classname="org.youCater.userSanityTestCases.AddPrivateEventTestCases" name="privateCuisineTypeSelection" time="14.266"/>
  <system-out/>
  <testcase classname="org.youCater.userSanityTestCases.AddPrivateEventTestCases" name="privateFoodTypeSelection" time="12.882"/>
  <system-out/>
  <testcase classname="org.youCater.userSanityTestCases.AddPrivateEventTestCases" name="privateServiceStyleSelection" time="16.842"/>
  <system-out/>
  <testcase classname="org.youCater.userSanityTestCases.AddPrivateEventTestCases" name="privateDietaryRequirementsSelection" time="6.447"/>
  <system-out/>
  <testcase classname="org.youCater.userSanityTestCases.AddPrivateEventTestCases" name="privateAdditionalServicesSelection" time="8.415"/>
  <system-out/>
  <testcase classname="org.youCater.userSanityTestCases.AddPrivateEventTestCases" name="privateEventVenueSelection" time="36.670"/>
  <system-out/>
  <testcase classname="org.youCater.userSanityTestCases.AddPrivateEventTestCases" name="privateSignIn" time="9.598"/>
  <system-out/>
  <testcase classname="org.youCater.userSanityTestCases.AddPrivateEventTestCases" name="privateVerifyOTP" time="5.358"/>
  <system-out/>
  <testcase classname="org.youCater.userSanityTestCases.AddPrivateEventTestCases" name="privateSignUp" time="14.756"/>
  <system-out/>
  <testcase classname="org.youCater.userSanityTestCases.AddPrivateEventTestCases" name="privateEventSummary" time="13.648"/>
  <system-out/>
  <testcase classname="org.youCater.userSanityTestCases.AddPrivateEventTestCases" name="privateGoToHomePage" time="5.216"/>
  <system-out/>
</testsuite> <!-- org.youCater.userSanityTestCases.AddPrivateEventTestCases -->
