<?xml version="1.0" encoding="UTF-8"?>
<!-- Generated by org.testng.reporters.JUnitReportReporter -->
<testsuite hostname="DESKTOP-QI6H2EA" failures="0" tests="1" name="org.youCater.testCases.EventTypeSelectionTestCases" time="0.448" errors="0" timestamp="2023-10-18T12:58:40 PKT" skipped="0">
  <testcase classname="org.youCater.testCases.EventTypeSelectionTestCases" name="eventTypeSelection" time="0.448"/>
  <system-out/>
</testsuite> <!-- org.youCater.testCases.EventTypeSelectionTestCases -->
