<?xml version="1.0" encoding="UTF-8"?>
<!-- Generated by org.testng.reporters.JUnitReportReporter -->
<testsuite hostname="DESKTOP-88KK6AE" failures="0" tests="3" name="org.youCater.userSanityTestCases.SignUpTestCases" time="37.751" errors="0" timestamp="2024-06-10T12:35:58 PKT" skipped="0">
  <testcase classname="org.youCater.userSanityTestCases.SignUpTestCases" name="DoSignUp" time="21.726"/>
  <system-out/>
  <testcase classname="org.youCater.userSanityTestCases.SignUpTestCases" name="goToProfile" time="7.623"/>
  <system-out/>
  <testcase classname="org.youCater.userSanityTestCases.SignUpTestCases" name="logout" time="8.402"/>
  <system-out/>
</testsuite> <!-- org.youCater.userSanityTestCases.SignUpTestCases -->
