<?xml version="1.0" encoding="UTF-8"?>
<!-- Generated by org.testng.reporters.JUnitReportReporter -->
<testsuite hostname="DESKTOP-88KK6AE" failures="0" tests="4" name="org.youCater.userSanityTestCases.ProfileTestCases" time="28.539" errors="0" timestamp="2024-06-24T16:03:15 PKT" skipped="0">
  <testcase classname="org.youCater.userSanityTestCases.ProfileTestCases" name="goToProfile" time="7.040"/>
  <system-out/>
  <testcase classname="org.youCater.userSanityTestCases.ProfileTestCases" name="editProfile" time="6.665"/>
  <system-out/>
  <testcase classname="org.youCater.userSanityTestCases.ProfileTestCases" name="logout" time="6.311"/>
  <system-out/>
  <testcase classname="org.youCater.userSanityTestCases.ProfileTestCases" name="signInAfterLogout" time="8.523"/>
  <system-out/>
</testsuite> <!-- org.youCater.userSanityTestCases.ProfileTestCases -->
