<?xml version="1.0" encoding="UTF-8"?>
<!-- Generated by org.testng.reporters.JUnitReportReporter -->
<testsuite hostname="DESKTOP-88KK6AE" failures="0" tests="13" name="org.youCater.userSanityTestCases.AddPrivateEventTestCases" time="137.882" errors="0" timestamp="2024-06-24T16:03:15 PKT" skipped="0">
  <testcase classname="org.youCater.userSanityTestCases.AddPrivateEventTestCases" name="privateEventTypeSelection" time="2.662"/>
  <system-out/>
  <testcase classname="org.youCater.userSanityTestCases.AddPrivateEventTestCases" name="prviateOccasionTypeSelection" time="6.148"/>
  <system-out/>
  <testcase classname="org.youCater.userSanityTestCases.AddPrivateEventTestCases" name="privateDateAndTimeSelection" time="6.560"/>
  <system-out/>
  <testcase classname="org.youCater.userSanityTestCases.AddPrivateEventTestCases" name="privateGuestSelection" time="7.441"/>
  <system-out/>
  <testcase classname="org.youCater.userSanityTestCases.AddPrivateEventTestCases" name="privateProviderSelection" time="4.182"/>
  <system-out/>
  <testcase classname="org.youCater.userSanityTestCases.AddPrivateEventTestCases" name="privateCuisineTypeSelection" time="8.224"/>
  <system-out/>
  <testcase classname="org.youCater.userSanityTestCases.AddPrivateEventTestCases" name="privateFoodTypeSelection" time="8.521"/>
  <system-out/>
  <testcase classname="org.youCater.userSanityTestCases.AddPrivateEventTestCases" name="privateEventVenueSelection" time="29.308"/>
  <system-out/>
  <testcase classname="org.youCater.userSanityTestCases.AddPrivateEventTestCases" name="privateAddEventName" time="8.442"/>
  <system-out/>
  <testcase classname="org.youCater.userSanityTestCases.AddPrivateEventTestCases" name="privateBudgetSelection" time="35.871"/>
  <system-out/>
  <testcase classname="org.youCater.userSanityTestCases.AddPrivateEventTestCases" name="privateSignIn" time="6.639"/>
  <system-out/>
  <testcase classname="org.youCater.userSanityTestCases.AddPrivateEventTestCases" name="privateEventSummary" time="9.744"/>
  <system-out/>
  <testcase classname="org.youCater.userSanityTestCases.AddPrivateEventTestCases" name="privateGoToHomePage" time="4.140"/>
  <system-out/>
</testsuite> <!-- org.youCater.userSanityTestCases.AddPrivateEventTestCases -->
