<?xml version="1.0" encoding="UTF-8"?>
<!-- Generated by org.testng.reporters.JUnitReportReporter -->
<testsuite hostname="DESKTOP-QI6H2EA" failures="0" tests="1" name="org.youCater.userSanityTestCases.PartnerRegistrationTestCases" time="27.820" errors="0" timestamp="2023-12-14T17:29:32 PKT" skipped="0">
  <testcase classname="org.youCater.userSanityTestCases.PartnerRegistrationTestCases" name="partnerRegistration" time="27.820"/>
  <system-out/>
</testsuite> <!-- org.youCater.userSanityTestCases.PartnerRegistrationTestCases -->
