<?xml version="1.0" encoding="UTF-8"?>
<!-- Generated by org.testng.reporters.JUnitReportReporter -->
<testsuite hostname="DESKTOP-88KK6AE" failures="0" tests="2" name="org.youCater.ventorSanitytestCases.ShowInterestInAnEvent" time="51.190" errors="0" timestamp="2024-06-24T16:03:15 PKT" skipped="0">
  <testcase classname="org.youCater.ventorSanitytestCases.ShowInterestInAnEvent" name="showInterest" time="19.034"/>
  <system-out/>
  <testcase classname="org.youCater.ventorSanitytestCases.ShowInterestInAnEvent" name="SubmitQuote" time="32.156"/>
  <system-out/>
</testsuite> <!-- org.youCater.ventorSanitytestCases.ShowInterestInAnEvent -->
