<?xml version="1.0" encoding="UTF-8"?>
<!-- Generated by org.testng.reporters.JUnitReportReporter -->
<testsuite hostname="DESKTOP-QI6H2EA" failures="0" tests="3" name="org.youCater.userSanityTestCases.ProfileTestCases" time="22.453" errors="0" timestamp="2023-11-13T14:09:54 PKT" skipped="0">
  <testcase classname="org.youCater.userSanityTestCases.ProfileTestCases" name="goToProfile" time="4.510"/>
  <system-out/>
  <testcase classname="org.youCater.userSanityTestCases.ProfileTestCases" name="logout" time="6.201"/>
  <system-out/>
  <testcase classname="org.youCater.userSanityTestCases.ProfileTestCases" name="signInAfterLogout" time="11.742"/>
  <system-out/>
</testsuite> <!-- org.youCater.userSanityTestCases.ProfileTestCases -->
