<?xml version="1.0" encoding="UTF-8"?>
<!-- Generated by org.testng.reporters.JUnitReportReporter -->
<testsuite hostname="DESKTOP-88KK6AE" failures="0" tests="8" name="org.youCater.userSanityTestCases.SendBidRequestTestCases" time="63.032" errors="0" timestamp="2024-06-24T16:03:15 PKT" skipped="0">
  <testcase classname="org.youCater.userSanityTestCases.SendBidRequestTestCases" name="findCaterers" time="9.939"/>
  <system-out/>
  <testcase classname="org.youCater.userSanityTestCases.SendBidRequestTestCases" name="findCaterers" time="9.896"/>
  <system-out/>
  <testcase classname="org.youCater.userSanityTestCases.SendBidRequestTestCases" name="selecCaterer" time="4.380"/>
  <system-out/>
  <testcase classname="org.youCater.userSanityTestCases.SendBidRequestTestCases" name="selecCaterer" time="4.418"/>
  <system-out/>
  <testcase classname="org.youCater.userSanityTestCases.SendBidRequestTestCases" name="partnerDetail" time="2.140"/>
  <system-out/>
  <testcase classname="org.youCater.userSanityTestCases.SendBidRequestTestCases" name="partnerDetail" time="2.119"/>
  <system-out/>
  <testcase classname="org.youCater.userSanityTestCases.SendBidRequestTestCases" name="sendRequest" time="15.138"/>
  <system-out/>
  <testcase classname="org.youCater.userSanityTestCases.SendBidRequestTestCases" name="sendRequest" time="15.002"/>
  <system-out/>
</testsuite> <!-- org.youCater.userSanityTestCases.SendBidRequestTestCases -->
