<?xml version="1.0" encoding="UTF-8"?>
<!-- Generated by org.testng.reporters.JUnitReportReporter -->
<testsuite hostname="DESKTOP-88KK6AE" failures="0" tests="1" name="org.youCater.userSanityTestCases.CancelEventAfterDeclingTheQuoteTestCases" time="14.775" errors="0" timestamp="2024-06-24T16:03:15 PKT" skipped="0">
  <testcase classname="org.youCater.userSanityTestCases.CancelEventAfterDeclingTheQuoteTestCases" name="cancelEventAfterDeclingQuote" time="14.775"/>
  <system-out/>
</testsuite> <!-- org.youCater.userSanityTestCases.CancelEventAfterDeclingTheQuoteTestCases -->
