<?xml version="1.0" encoding="UTF-8"?>
<!-- Generated by org.testng.reporters.JUnitReportReporter -->
<testsuite hostname="DESKTOP-QI6H2EA" failures="0" tests="14" name="org.youCater.testCases.AddCorporateEventTestCases" time="134.958" errors="0" timestamp="2023-10-31T13:14:55 PKT" skipped="0">
  <testcase classname="org.youCater.testCases.AddCorporateEventTestCases" name="eventTypeSelection" time="6.504"/>
  <system-out/>
  <testcase classname="org.youCater.testCases.AddCorporateEventTestCases" name="occasionTypeSelection" time="16.226"/>
  <system-out/>
  <testcase classname="org.youCater.testCases.AddCorporateEventTestCases" name="dateAndTimeSelection" time="3.314"/>
  <system-out/>
  <testcase classname="org.youCater.testCases.AddCorporateEventTestCases" name="guestSelection" time="2.452"/>
  <system-out/>
  <testcase classname="org.youCater.testCases.AddCorporateEventTestCases" name="budgetSelection" time="4.489"/>
  <system-out/>
  <testcase classname="org.youCater.testCases.AddCorporateEventTestCases" name="providerSelection" time="3.289"/>
  <system-out/>
  <testcase classname="org.youCater.testCases.AddCorporateEventTestCases" name="foodTypeSelection" time="12.776"/>
  <system-out/>
  <testcase classname="org.youCater.testCases.AddCorporateEventTestCases" name="serviceStyleSelection" time="15.613"/>
  <system-out/>
  <testcase classname="org.youCater.testCases.AddCorporateEventTestCases" name="dietaryRequirementsSelection" time="5.258"/>
  <system-out/>
  <testcase classname="org.youCater.testCases.AddCorporateEventTestCases" name="additionalServicesSelection" time="8.277"/>
  <system-out/>
  <testcase classname="org.youCater.testCases.AddCorporateEventTestCases" name="eventVenueSelection" time="31.425"/>
  <system-out/>
  <testcase classname="org.youCater.testCases.AddCorporateEventTestCases" name="signIn" time="9.527"/>
  <system-out/>
  <testcase classname="org.youCater.testCases.AddCorporateEventTestCases" name="verifyOTP" time="2.293"/>
  <system-out/>
  <testcase classname="org.youCater.testCases.AddCorporateEventTestCases" name="eventSummary" time="13.515"/>
  <system-out/>
</testsuite> <!-- org.youCater.testCases.AddCorporateEventTestCases -->
