<?xml version="1.0" encoding="UTF-8"?>
<!-- Generated by org.testng.reporters.JUnitReportReporter -->
<testsuite hostname="DESKTOP-88KK6AE" failures="0" tests="2" name="org.youCater.userSanityTestCases.DeclineQuoteTestCases" time="29.711" errors="0" timestamp="2024-06-24T16:03:15 PKT" skipped="0">
  <testcase classname="org.youCater.userSanityTestCases.DeclineQuoteTestCases" name="selectEvent" time="2.142"/>
  <system-out/>
  <testcase classname="org.youCater.userSanityTestCases.DeclineQuoteTestCases" name="declineQuote" time="27.569"/>
  <system-out/>
</testsuite> <!-- org.youCater.userSanityTestCases.DeclineQuoteTestCases -->
