<?xml version="1.0" encoding="UTF-8"?>
<!-- Generated by org.testng.reporters.JUnitReportReporter -->
<testsuite hostname="DESKTOP-QI6H2EA" failures="0" tests="1" name="org.youCater.userSanityTestCases.HomePageTestCases" time="16.203" errors="0" timestamp="2023-11-13T14:09:54 PKT" skipped="0">
  <testcase classname="org.youCater.userSanityTestCases.HomePageTestCases" name="selectPendingEvents" time="16.203"/>
  <system-out/>
</testsuite> <!-- org.youCater.userSanityTestCases.HomePageTestCases -->
