<?xml version="1.0" encoding="UTF-8"?>
<!-- Generated by org.testng.reporters.JUnitReportReporter -->
<testsuite hostname="DESKTOP-88KK6AE" failures="0" tests="2" name="org.youCater.userSanityTestCases.CancelEventTestCases" time="26.940" errors="0" timestamp="2024-06-24T16:03:15 PKT" skipped="0">
  <testcase classname="org.youCater.userSanityTestCases.CancelEventTestCases" name="selectEventsOnHomePage" time="12.237"/>
  <system-out/>
  <testcase classname="org.youCater.userSanityTestCases.CancelEventTestCases" name="cancelEvent" time="14.703"/>
  <system-out/>
</testsuite> <!-- org.youCater.userSanityTestCases.CancelEventTestCases -->
