<?xml version="1.0" encoding="UTF-8"?>
<!-- Generated by org.testng.reporters.JUnitReportReporter -->
<testsuite hostname="DESKTOP-88KK6AE" failures="0" tests="1" name="org.youCater.userSanityTestCases.CancelEventAfterAcceptingQuoteTestCases" time="19.448" errors="0" timestamp="2024-06-24T16:03:15 PKT" skipped="0">
  <testcase classname="org.youCater.userSanityTestCases.CancelEventAfterAcceptingQuoteTestCases" name="cancelEventAfterAcceptingQuote" time="19.448"/>
  <system-out/>
</testsuite> <!-- org.youCater.userSanityTestCases.CancelEventAfterAcceptingQuoteTestCases -->
