<?xml version="1.0" encoding="UTF-8"?>
<!-- Generated by org.testng.reporters.JUnitReportReporter -->
<testsuite hostname="DESKTOP-QI6H2EA" failures="0" tests="13" name="org.youCater.userRegressionTestCases.CreateEventFromDirectoryTestCases" time="227.588" errors="0" timestamp="2024-01-16T12:00:06 PKT" skipped="0">
  <testcase classname="org.youCater.userRegressionTestCases.CreateEventFromDirectoryTestCases" name="loginFromHomePage" time="23.898"/>
  <system-out/>
  <testcase classname="org.youCater.userRegressionTestCases.CreateEventFromDirectoryTestCases" name="goToEventDirectory" time="8.124"/>
  <system-out/>
  <testcase classname="org.youCater.userRegressionTestCases.CreateEventFromDirectoryTestCases" name="eventTypeSelection" time="11.218"/>
  <system-out/>
  <testcase classname="org.youCater.userRegressionTestCases.CreateEventFromDirectoryTestCases" name="occasionTypeSelection" time="8.567"/>
  <system-out/>
  <testcase classname="org.youCater.userRegressionTestCases.CreateEventFromDirectoryTestCases" name="dateAndTimeSelection" time="17.470"/>
  <system-out/>
  <testcase classname="org.youCater.userRegressionTestCases.CreateEventFromDirectoryTestCases" name="guestSelection" time="9.851"/>
  <system-out/>
  <testcase classname="org.youCater.userRegressionTestCases.CreateEventFromDirectoryTestCases" name="providerSelection" time="6.421"/>
  <system-out/>
  <testcase classname="org.youCater.userRegressionTestCases.CreateEventFromDirectoryTestCases" name="cuisineTypeSelection" time="10.633"/>
  <system-out/>
  <testcase classname="org.youCater.userRegressionTestCases.CreateEventFromDirectoryTestCases" name="eventVenueSelection" time="18.197"/>
  <system-out/>
  <testcase classname="org.youCater.userRegressionTestCases.CreateEventFromDirectoryTestCases" name="addEventName" time="8.647"/>
  <system-out/>
  <testcase classname="org.youCater.userRegressionTestCases.CreateEventFromDirectoryTestCases" name="budgetSelection" time="16.415"/>
  <system-out/>
  <testcase classname="org.youCater.userRegressionTestCases.CreateEventFromDirectoryTestCases" name="eventSummary" time="85.997"/>
  <system-out/>
  <testcase classname="org.youCater.userRegressionTestCases.CreateEventFromDirectoryTestCases" name="goToHomePage" time="2.150"/>
  <system-out/>
</testsuite> <!-- org.youCater.userRegressionTestCases.CreateEventFromDirectoryTestCases -->
