<?xml version="1.0" encoding="UTF-8"?>
<!-- Generated by org.testng.reporters.JUnitReportReporter -->
<testsuite hostname="DESKTOP-88KK6AE" failures="0" tests="9" name="org.youCater.ventorSanitytestCases.RequestAcceptanceAndQuoteSubmissionTestCases" time="52.086" errors="0" timestamp="2024-06-24T16:03:15 PKT" skipped="0">
  <testcase classname="org.youCater.ventorSanitytestCases.RequestAcceptanceAndQuoteSubmissionTestCases" name="goToActiveEvents" time="4.233"/>
  <system-out/>
  <testcase classname="org.youCater.ventorSanitytestCases.RequestAcceptanceAndQuoteSubmissionTestCases" name="goToDirectEvents" time="2.292"/>
  <system-out/>
  <testcase classname="org.youCater.ventorSanitytestCases.RequestAcceptanceAndQuoteSubmissionTestCases" name="selectADirectEvent" time="0.132"/>
  <system-out/>
  <testcase classname="org.youCater.ventorSanitytestCases.RequestAcceptanceAndQuoteSubmissionTestCases" name="checkDetails" time="6.169"/>
  <system-out/>
  <testcase classname="org.youCater.ventorSanitytestCases.RequestAcceptanceAndQuoteSubmissionTestCases" name="acceptRequest" time="4.267"/>
  <system-out/>
  <testcase classname="org.youCater.ventorSanitytestCases.RequestAcceptanceAndQuoteSubmissionTestCases" name="goToChatMenu" time="5.417"/>
  <system-out/>
  <testcase classname="org.youCater.ventorSanitytestCases.RequestAcceptanceAndQuoteSubmissionTestCases" name="goToMyQuoteMenu" time="2.186"/>
  <system-out/>
  <testcase classname="org.youCater.ventorSanitytestCases.RequestAcceptanceAndQuoteSubmissionTestCases" name="checkErrorForLessQuoteAmount" time="8.638"/>
  <system-out/>
  <testcase classname="org.youCater.ventorSanitytestCases.RequestAcceptanceAndQuoteSubmissionTestCases" name="submitQuote" time="18.752"/>
  <system-out/>
</testsuite> <!-- org.youCater.ventorSanitytestCases.RequestAcceptanceAndQuoteSubmissionTestCases -->
