<?xml version="1.0" encoding="UTF-8"?>
<!-- Generated by org.testng.reporters.JUnitReportReporter -->
<testsuite hostname="DESKTOP-88KK6AE" failures="0" tests="4" name="org.youCater.userRegressionTestCases.ProfileTestCases" time="54.016" errors="0" timestamp="2024-06-24T16:09:48 PKT" skipped="0">
  <testcase classname="org.youCater.userRegressionTestCases.ProfileTestCases" name="goToProfile" time="12.085"/>
  <system-out/>
  <testcase classname="org.youCater.userRegressionTestCases.ProfileTestCases" name="openPrivacyPolicy" time="16.819"/>
  <system-out/>
  <testcase classname="org.youCater.userRegressionTestCases.ProfileTestCases" name="openTermsAndCondition" time="16.754"/>
  <system-out/>
  <testcase classname="org.youCater.userRegressionTestCases.ProfileTestCases" name="logout" time="8.358"/>
  <system-out/>
</testsuite> <!-- org.youCater.userRegressionTestCases.ProfileTestCases -->
