<?xml version="1.0" encoding="UTF-8"?>
<testsuite xmlns:xsi="http://www.w3.org/2001/XMLSchema-instance" xsi:noNamespaceSchemaLocation="https://maven.apache.org/surefire/maven-surefire-plugin/xsd/surefire-test-report-3.0.xsd" version="3.0" name="TestSuite" time="1,226.043" tests="84" errors="0" skipped="0" failures="0">
  <properties>
    <property name="sun.desktop" value="windows"/>
    <property name="awt.toolkit" value="sun.awt.windows.WToolkit"/>
    <property name="java.specification.version" value="11"/>
    <property name="webdriver.chrome.driver" value="D:/driver/chromedriver.exe"/>
    <property name="sun.cpu.isalist" value="amd64"/>
    <property name="sun.jnu.encoding" value="Cp1252"/>
    <property name="java.class.path" value="C:\Users\Admin\eclipse-workspace\youCater\target\test-classes;C:\Users\Admin\eclipse-workspace\youCater\target\classes;C:\Users\Admin\.m2\repository\org\seleniumhq\selenium\selenium-java\4.12.1\selenium-java-4.12.1.jar;C:\Users\Admin\.m2\repository\org\seleniumhq\selenium\selenium-api\4.12.1\selenium-api-4.12.1.jar;C:\Users\Admin\.m2\repository\org\seleniumhq\selenium\selenium-chrome-driver\4.12.1\selenium-chrome-driver-4.12.1.jar;C:\Users\Admin\.m2\repository\com\google\auto\service\auto-service-annotations\1.1.1\auto-service-annotations-1.1.1.jar;C:\Users\Admin\.m2\repository\com\google\guava\guava\32.1.2-jre\guava-32.1.2-jre.jar;C:\Users\Admin\.m2\repository\com\google\guava\failureaccess\1.0.1\failureaccess-1.0.1.jar;C:\Users\Admin\.m2\repository\com\google\guava\listenablefuture\9999.0-empty-to-avoid-conflict-with-guava\listenablefuture-9999.0-empty-to-avoid-conflict-with-guava.jar;C:\Users\Admin\.m2\repository\com\google\code\findbugs\jsr305\3.0.2\jsr305-3.0.2.jar;C:\Users\Admin\.m2\repository\org\checkerframework\checker-qual\3.33.0\checker-qual-3.33.0.jar;C:\Users\Admin\.m2\repository\com\google\errorprone\error_prone_annotations\2.18.0\error_prone_annotations-2.18.0.jar;C:\Users\Admin\.m2\repository\com\google\j2objc\j2objc-annotations\2.8\j2objc-annotations-2.8.jar;C:\Users\Admin\.m2\repository\org\seleniumhq\selenium\selenium-chromium-driver\4.12.1\selenium-chromium-driver-4.12.1.jar;C:\Users\Admin\.m2\repository\org\seleniumhq\selenium\selenium-json\4.12.1\selenium-json-4.12.1.jar;C:\Users\Admin\.m2\repository\org\seleniumhq\selenium\selenium-manager\4.12.1\selenium-manager-4.12.1.jar;C:\Users\Admin\.m2\repository\org\seleniumhq\selenium\selenium-devtools-v114\4.12.1\selenium-devtools-v114-4.12.1.jar;C:\Users\Admin\.m2\repository\org\seleniumhq\selenium\selenium-devtools-v115\4.12.1\selenium-devtools-v115-4.12.1.jar;C:\Users\Admin\.m2\repository\org\seleniumhq\selenium\selenium-devtools-v116\4.12.1\selenium-devtools-v116-4.12.1.jar;C:\Users\Admin\.m2\repository\org\seleniumhq\selenium\selenium-devtools-v85\4.12.1\selenium-devtools-v85-4.12.1.jar;C:\Users\Admin\.m2\repository\org\seleniumhq\selenium\selenium-edge-driver\4.12.1\selenium-edge-driver-4.12.1.jar;C:\Users\Admin\.m2\repository\org\seleniumhq\selenium\selenium-firefox-driver\4.12.1\selenium-firefox-driver-4.12.1.jar;C:\Users\Admin\.m2\repository\org\seleniumhq\selenium\selenium-http\4.12.1\selenium-http-4.12.1.jar;C:\Users\Admin\.m2\repository\dev\failsafe\failsafe\3.3.2\failsafe-3.3.2.jar;C:\Users\Admin\.m2\repository\org\seleniumhq\selenium\selenium-ie-driver\4.12.1\selenium-ie-driver-4.12.1.jar;C:\Users\Admin\.m2\repository\org\seleniumhq\selenium\selenium-remote-driver\4.12.1\selenium-remote-driver-4.12.1.jar;C:\Users\Admin\.m2\repository\io\netty\netty-buffer\4.1.96.Final\netty-buffer-4.1.96.Final.jar;C:\Users\Admin\.m2\repository\io\netty\netty-codec-http\4.1.96.Final\netty-codec-http-4.1.96.Final.jar;C:\Users\Admin\.m2\repository\io\netty\netty-codec\4.1.96.Final\netty-codec-4.1.96.Final.jar;C:\Users\Admin\.m2\repository\io\netty\netty-handler\4.1.96.Final\netty-handler-4.1.96.Final.jar;C:\Users\Admin\.m2\repository\io\netty\netty-common\4.1.96.Final\netty-common-4.1.96.Final.jar;C:\Users\Admin\.m2\repository\io\netty\netty-transport-classes-epoll\4.1.96.Final\netty-transport-classes-epoll-4.1.96.Final.jar;C:\Users\Admin\.m2\repository\io\netty\netty-transport-classes-kqueue\4.1.96.Final\netty-transport-classes-kqueue-4.1.96.Final.jar;C:\Users\Admin\.m2\repository\io\netty\netty-transport-native-epoll\4.1.96.Final\netty-transport-native-epoll-4.1.96.Final.jar;C:\Users\Admin\.m2\repository\io\netty\netty-transport-native-kqueue\4.1.96.Final\netty-transport-native-kqueue-4.1.96.Final.jar;C:\Users\Admin\.m2\repository\io\netty\netty-transport-native-unix-common\4.1.96.Final\netty-transport-native-unix-common-4.1.96.Final.jar;C:\Users\Admin\.m2\repository\io\netty\netty-transport\4.1.96.Final\netty-transport-4.1.96.Final.jar;C:\Users\Admin\.m2\repository\io\netty\netty-resolver\4.1.96.Final\netty-resolver-4.1.96.Final.jar;C:\Users\Admin\.m2\repository\io\opentelemetry\opentelemetry-api\1.28.0\opentelemetry-api-1.28.0.jar;C:\Users\Admin\.m2\repository\io\opentelemetry\opentelemetry-context\1.28.0\opentelemetry-context-1.28.0.jar;C:\Users\Admin\.m2\repository\io\opentelemetry\opentelemetry-exporter-logging\1.28.0\opentelemetry-exporter-logging-1.28.0.jar;C:\Users\Admin\.m2\repository\io\opentelemetry\opentelemetry-sdk-metrics\1.28.0\opentelemetry-sdk-metrics-1.28.0.jar;C:\Users\Admin\.m2\repository\io\opentelemetry\opentelemetry-extension-incubator\1.28.0-alpha\opentelemetry-extension-incubator-1.28.0-alpha.jar;C:\Users\Admin\.m2\repository\io\opentelemetry\opentelemetry-sdk-logs\1.28.0\opentelemetry-sdk-logs-1.28.0.jar;C:\Users\Admin\.m2\repository\io\opentelemetry\opentelemetry-sdk-common\1.28.0\opentelemetry-sdk-common-1.28.0.jar;C:\Users\Admin\.m2\repository\io\opentelemetry\opentelemetry-sdk-extension-autoconfigure-spi\1.28.0\opentelemetry-sdk-extension-autoconfigure-spi-1.28.0.jar;C:\Users\Admin\.m2\repository\io\opentelemetry\opentelemetry-sdk-extension-autoconfigure\1.28.0\opentelemetry-sdk-extension-autoconfigure-1.28.0.jar;C:\Users\Admin\.m2\repository\io\opentelemetry\opentelemetry-api-events\1.28.0-alpha\opentelemetry-api-events-1.28.0-alpha.jar;C:\Users\Admin\.m2\repository\io\opentelemetry\opentelemetry-sdk-trace\1.28.0\opentelemetry-sdk-trace-1.28.0.jar;C:\Users\Admin\.m2\repository\io\opentelemetry\opentelemetry-sdk\1.28.0\opentelemetry-sdk-1.28.0.jar;C:\Users\Admin\.m2\repository\io\opentelemetry\opentelemetry-semconv\1.28.0-alpha\opentelemetry-semconv-1.28.0-alpha.jar;C:\Users\Admin\.m2\repository\net\bytebuddy\byte-buddy\1.14.5\byte-buddy-1.14.5.jar;C:\Users\Admin\.m2\repository\org\asynchttpclient\async-http-client\2.12.3\async-http-client-2.12.3.jar;C:\Users\Admin\.m2\repository\org\asynchttpclient\async-http-client-netty-utils\2.12.3\async-http-client-netty-utils-2.12.3.jar;C:\Users\Admin\.m2\repository\io\netty\netty-codec-socks\4.1.60.Final\netty-codec-socks-4.1.60.Final.jar;C:\Users\Admin\.m2\repository\io\netty\netty-handler-proxy\4.1.60.Final\netty-handler-proxy-4.1.60.Final.jar;C:\Users\Admin\.m2\repository\io\netty\netty-transport-native-epoll\4.1.60.Final\netty-transport-native-epoll-4.1.60.Final-linux-x86_64.jar;C:\Users\Admin\.m2\repository\io\netty\netty-transport-native-kqueue\4.1.60.Final\netty-transport-native-kqueue-4.1.60.Final-osx-x86_64.jar;C:\Users\Admin\.m2\repository\com\typesafe\netty\netty-reactive-streams\2.0.4\netty-reactive-streams-2.0.4.jar;C:\Users\Admin\.m2\repository\com\sun\activation\jakarta.activation\1.2.2\jakarta.activation-1.2.2.jar;C:\Users\Admin\.m2\repository\org\seleniumhq\selenium\selenium-os\4.12.1\selenium-os-4.12.1.jar;C:\Users\Admin\.m2\repository\org\apache\commons\commons-exec\1.3\commons-exec-1.3.jar;C:\Users\Admin\.m2\repository\org\seleniumhq\selenium\selenium-safari-driver\4.12.1\selenium-safari-driver-4.12.1.jar;C:\Users\Admin\.m2\repository\org\seleniumhq\selenium\selenium-support\4.12.1\selenium-support-4.12.1.jar;C:\Users\Admin\.m2\repository\org\testng\testng\7.7.1\testng-7.7.1.jar;C:\Users\Admin\.m2\repository\org\slf4j\slf4j-api\1.7.36\slf4j-api-1.7.36.jar;C:\Users\Admin\.m2\repository\com\beust\jcommander\1.82\jcommander-1.82.jar;C:\Users\Admin\.m2\repository\org\webjars\jquery\3.6.1\jquery-3.6.1.jar;C:\Users\Admin\.m2\repository\com\aventstack\extentreports\5.1.0\extentreports-5.1.0.jar;C:\Users\Admin\.m2\repository\io\reactivex\rxjava3\rxjava\3.1.6\rxjava-3.1.6.jar;C:\Users\Admin\.m2\repository\org\reactivestreams\reactive-streams\1.0.4\reactive-streams-1.0.4.jar;C:\Users\Admin\.m2\repository\org\freemarker\freemarker\2.3.32\freemarker-2.3.32.jar;C:\Users\Admin\.m2\repository\org\projectlombok\lombok\1.18.26\lombok-1.18.26.jar;C:\Users\Admin\.m2\repository\com\google\code\gson\gson\2.10.1\gson-2.10.1.jar;C:\Users\Admin\.m2\repository\org\slf4j\slf4j-simple\2.0.9\slf4j-simple-2.0.9.jar;C:\Users\Admin\.m2\repository\org\apache\commons\commons-lang3\3.12.0\commons-lang3-3.12.0.jar;C:\Users\Admin\.m2\repository\com\sun\mail\javax.mail\1.6.2\javax.mail-1.6.2.jar;C:\Users\Admin\.m2\repository\javax\activation\activation\1.1\activation-1.1.jar;C:\Users\Admin\.m2\repository\com\mysql\mysql-connector-j\8.0.33\mysql-connector-j-8.0.33.jar;C:\Users\Admin\.m2\repository\com\google\protobuf\protobuf-java\3.21.9\protobuf-java-3.21.9.jar;"/>
    <property name="java.vm.vendor" value="Oracle Corporation"/>
    <property name="sun.arch.data.model" value="64"/>
    <property name="user.variant" value=""/>
    <property name="java.vendor.url" value="https://openjdk.java.net/"/>
    <property name="user.timezone" value="Asia/Karachi"/>
    <property name="java.vm.specification.version" value="11"/>
    <property name="os.name" value="Windows 10"/>
    <property name="sun.java.launcher" value="SUN_STANDARD"/>
    <property name="user.country" value="US"/>
    <property name="sun.boot.library.path" value="C:\Program Files\Java\jdk-11\bin"/>
    <property name="sun.java.command" value="C:\Users\Admin\AppData\Local\Temp\surefire5336101233077209757\surefirebooter8047015158696946392.jar C:\Users\Admin\AppData\Local\Temp\surefire5336101233077209757 2023-11-30T16-51-28_334-jvmRun1 surefire17309278368835525089tmp surefire_01088052269661113041tmp"/>
    <property name="jdk.debug" value="release"/>
    <property name="surefire.test.class.path" value="C:\Users\Admin\eclipse-workspace\youCater\target\test-classes;C:\Users\Admin\eclipse-workspace\youCater\target\classes;C:\Users\Admin\.m2\repository\org\seleniumhq\selenium\selenium-java\4.12.1\selenium-java-4.12.1.jar;C:\Users\Admin\.m2\repository\org\seleniumhq\selenium\selenium-api\4.12.1\selenium-api-4.12.1.jar;C:\Users\Admin\.m2\repository\org\seleniumhq\selenium\selenium-chrome-driver\4.12.1\selenium-chrome-driver-4.12.1.jar;C:\Users\Admin\.m2\repository\com\google\auto\service\auto-service-annotations\1.1.1\auto-service-annotations-1.1.1.jar;C:\Users\Admin\.m2\repository\com\google\guava\guava\32.1.2-jre\guava-32.1.2-jre.jar;C:\Users\Admin\.m2\repository\com\google\guava\failureaccess\1.0.1\failureaccess-1.0.1.jar;C:\Users\Admin\.m2\repository\com\google\guava\listenablefuture\9999.0-empty-to-avoid-conflict-with-guava\listenablefuture-9999.0-empty-to-avoid-conflict-with-guava.jar;C:\Users\Admin\.m2\repository\com\google\code\findbugs\jsr305\3.0.2\jsr305-3.0.2.jar;C:\Users\Admin\.m2\repository\org\checkerframework\checker-qual\3.33.0\checker-qual-3.33.0.jar;C:\Users\Admin\.m2\repository\com\google\errorprone\error_prone_annotations\2.18.0\error_prone_annotations-2.18.0.jar;C:\Users\Admin\.m2\repository\com\google\j2objc\j2objc-annotations\2.8\j2objc-annotations-2.8.jar;C:\Users\Admin\.m2\repository\org\seleniumhq\selenium\selenium-chromium-driver\4.12.1\selenium-chromium-driver-4.12.1.jar;C:\Users\Admin\.m2\repository\org\seleniumhq\selenium\selenium-json\4.12.1\selenium-json-4.12.1.jar;C:\Users\Admin\.m2\repository\org\seleniumhq\selenium\selenium-manager\4.12.1\selenium-manager-4.12.1.jar;C:\Users\Admin\.m2\repository\org\seleniumhq\selenium\selenium-devtools-v114\4.12.1\selenium-devtools-v114-4.12.1.jar;C:\Users\Admin\.m2\repository\org\seleniumhq\selenium\selenium-devtools-v115\4.12.1\selenium-devtools-v115-4.12.1.jar;C:\Users\Admin\.m2\repository\org\seleniumhq\selenium\selenium-devtools-v116\4.12.1\selenium-devtools-v116-4.12.1.jar;C:\Users\Admin\.m2\repository\org\seleniumhq\selenium\selenium-devtools-v85\4.12.1\selenium-devtools-v85-4.12.1.jar;C:\Users\Admin\.m2\repository\org\seleniumhq\selenium\selenium-edge-driver\4.12.1\selenium-edge-driver-4.12.1.jar;C:\Users\Admin\.m2\repository\org\seleniumhq\selenium\selenium-firefox-driver\4.12.1\selenium-firefox-driver-4.12.1.jar;C:\Users\Admin\.m2\repository\org\seleniumhq\selenium\selenium-http\4.12.1\selenium-http-4.12.1.jar;C:\Users\Admin\.m2\repository\dev\failsafe\failsafe\3.3.2\failsafe-3.3.2.jar;C:\Users\Admin\.m2\repository\org\seleniumhq\selenium\selenium-ie-driver\4.12.1\selenium-ie-driver-4.12.1.jar;C:\Users\Admin\.m2\repository\org\seleniumhq\selenium\selenium-remote-driver\4.12.1\selenium-remote-driver-4.12.1.jar;C:\Users\Admin\.m2\repository\io\netty\netty-buffer\4.1.96.Final\netty-buffer-4.1.96.Final.jar;C:\Users\Admin\.m2\repository\io\netty\netty-codec-http\4.1.96.Final\netty-codec-http-4.1.96.Final.jar;C:\Users\Admin\.m2\repository\io\netty\netty-codec\4.1.96.Final\netty-codec-4.1.96.Final.jar;C:\Users\Admin\.m2\repository\io\netty\netty-handler\4.1.96.Final\netty-handler-4.1.96.Final.jar;C:\Users\Admin\.m2\repository\io\netty\netty-common\4.1.96.Final\netty-common-4.1.96.Final.jar;C:\Users\Admin\.m2\repository\io\netty\netty-transport-classes-epoll\4.1.96.Final\netty-transport-classes-epoll-4.1.96.Final.jar;C:\Users\Admin\.m2\repository\io\netty\netty-transport-classes-kqueue\4.1.96.Final\netty-transport-classes-kqueue-4.1.96.Final.jar;C:\Users\Admin\.m2\repository\io\netty\netty-transport-native-epoll\4.1.96.Final\netty-transport-native-epoll-4.1.96.Final.jar;C:\Users\Admin\.m2\repository\io\netty\netty-transport-native-kqueue\4.1.96.Final\netty-transport-native-kqueue-4.1.96.Final.jar;C:\Users\Admin\.m2\repository\io\netty\netty-transport-native-unix-common\4.1.96.Final\netty-transport-native-unix-common-4.1.96.Final.jar;C:\Users\Admin\.m2\repository\io\netty\netty-transport\4.1.96.Final\netty-transport-4.1.96.Final.jar;C:\Users\Admin\.m2\repository\io\netty\netty-resolver\4.1.96.Final\netty-resolver-4.1.96.Final.jar;C:\Users\Admin\.m2\repository\io\opentelemetry\opentelemetry-api\1.28.0\opentelemetry-api-1.28.0.jar;C:\Users\Admin\.m2\repository\io\opentelemetry\opentelemetry-context\1.28.0\opentelemetry-context-1.28.0.jar;C:\Users\Admin\.m2\repository\io\opentelemetry\opentelemetry-exporter-logging\1.28.0\opentelemetry-exporter-logging-1.28.0.jar;C:\Users\Admin\.m2\repository\io\opentelemetry\opentelemetry-sdk-metrics\1.28.0\opentelemetry-sdk-metrics-1.28.0.jar;C:\Users\Admin\.m2\repository\io\opentelemetry\opentelemetry-extension-incubator\1.28.0-alpha\opentelemetry-extension-incubator-1.28.0-alpha.jar;C:\Users\Admin\.m2\repository\io\opentelemetry\opentelemetry-sdk-logs\1.28.0\opentelemetry-sdk-logs-1.28.0.jar;C:\Users\Admin\.m2\repository\io\opentelemetry\opentelemetry-sdk-common\1.28.0\opentelemetry-sdk-common-1.28.0.jar;C:\Users\Admin\.m2\repository\io\opentelemetry\opentelemetry-sdk-extension-autoconfigure-spi\1.28.0\opentelemetry-sdk-extension-autoconfigure-spi-1.28.0.jar;C:\Users\Admin\.m2\repository\io\opentelemetry\opentelemetry-sdk-extension-autoconfigure\1.28.0\opentelemetry-sdk-extension-autoconfigure-1.28.0.jar;C:\Users\Admin\.m2\repository\io\opentelemetry\opentelemetry-api-events\1.28.0-alpha\opentelemetry-api-events-1.28.0-alpha.jar;C:\Users\Admin\.m2\repository\io\opentelemetry\opentelemetry-sdk-trace\1.28.0\opentelemetry-sdk-trace-1.28.0.jar;C:\Users\Admin\.m2\repository\io\opentelemetry\opentelemetry-sdk\1.28.0\opentelemetry-sdk-1.28.0.jar;C:\Users\Admin\.m2\repository\io\opentelemetry\opentelemetry-semconv\1.28.0-alpha\opentelemetry-semconv-1.28.0-alpha.jar;C:\Users\Admin\.m2\repository\net\bytebuddy\byte-buddy\1.14.5\byte-buddy-1.14.5.jar;C:\Users\Admin\.m2\repository\org\asynchttpclient\async-http-client\2.12.3\async-http-client-2.12.3.jar;C:\Users\Admin\.m2\repository\org\asynchttpclient\async-http-client-netty-utils\2.12.3\async-http-client-netty-utils-2.12.3.jar;C:\Users\Admin\.m2\repository\io\netty\netty-codec-socks\4.1.60.Final\netty-codec-socks-4.1.60.Final.jar;C:\Users\Admin\.m2\repository\io\netty\netty-handler-proxy\4.1.60.Final\netty-handler-proxy-4.1.60.Final.jar;C:\Users\Admin\.m2\repository\io\netty\netty-transport-native-epoll\4.1.60.Final\netty-transport-native-epoll-4.1.60.Final-linux-x86_64.jar;C:\Users\Admin\.m2\repository\io\netty\netty-transport-native-kqueue\4.1.60.Final\netty-transport-native-kqueue-4.1.60.Final-osx-x86_64.jar;C:\Users\Admin\.m2\repository\com\typesafe\netty\netty-reactive-streams\2.0.4\netty-reactive-streams-2.0.4.jar;C:\Users\Admin\.m2\repository\com\sun\activation\jakarta.activation\1.2.2\jakarta.activation-1.2.2.jar;C:\Users\Admin\.m2\repository\org\seleniumhq\selenium\selenium-os\4.12.1\selenium-os-4.12.1.jar;C:\Users\Admin\.m2\repository\org\apache\commons\commons-exec\1.3\commons-exec-1.3.jar;C:\Users\Admin\.m2\repository\org\seleniumhq\selenium\selenium-safari-driver\4.12.1\selenium-safari-driver-4.12.1.jar;C:\Users\Admin\.m2\repository\org\seleniumhq\selenium\selenium-support\4.12.1\selenium-support-4.12.1.jar;C:\Users\Admin\.m2\repository\org\testng\testng\7.7.1\testng-7.7.1.jar;C:\Users\Admin\.m2\repository\org\slf4j\slf4j-api\1.7.36\slf4j-api-1.7.36.jar;C:\Users\Admin\.m2\repository\com\beust\jcommander\1.82\jcommander-1.82.jar;C:\Users\Admin\.m2\repository\org\webjars\jquery\3.6.1\jquery-3.6.1.jar;C:\Users\Admin\.m2\repository\com\aventstack\extentreports\5.1.0\extentreports-5.1.0.jar;C:\Users\Admin\.m2\repository\io\reactivex\rxjava3\rxjava\3.1.6\rxjava-3.1.6.jar;C:\Users\Admin\.m2\repository\org\reactivestreams\reactive-streams\1.0.4\reactive-streams-1.0.4.jar;C:\Users\Admin\.m2\repository\org\freemarker\freemarker\2.3.32\freemarker-2.3.32.jar;C:\Users\Admin\.m2\repository\org\projectlombok\lombok\1.18.26\lombok-1.18.26.jar;C:\Users\Admin\.m2\repository\com\google\code\gson\gson\2.10.1\gson-2.10.1.jar;C:\Users\Admin\.m2\repository\org\slf4j\slf4j-simple\2.0.9\slf4j-simple-2.0.9.jar;C:\Users\Admin\.m2\repository\org\apache\commons\commons-lang3\3.12.0\commons-lang3-3.12.0.jar;C:\Users\Admin\.m2\repository\com\sun\mail\javax.mail\1.6.2\javax.mail-1.6.2.jar;C:\Users\Admin\.m2\repository\javax\activation\activation\1.1\activation-1.1.jar;C:\Users\Admin\.m2\repository\com\mysql\mysql-connector-j\8.0.33\mysql-connector-j-8.0.33.jar;C:\Users\Admin\.m2\repository\com\google\protobuf\protobuf-java\3.21.9\protobuf-java-3.21.9.jar;"/>
    <property name="sun.cpu.endian" value="little"/>
    <property name="user.home" value="C:\Users\Admin"/>
    <property name="user.language" value="en"/>
    <property name="java.specification.vendor" value="Oracle Corporation"/>
    <property name="java.version.date" value="2023-01-17"/>
    <property name="java.home" value="C:\Program Files\Java\jdk-11"/>
    <property name="file.separator" value="\"/>
    <property name="basedir" value="C:\Users\Admin\eclipse-workspace\youCater"/>
    <property name="java.vm.compressedOopsMode" value="Zero based"/>
    <property name="line.separator" value="&#10;"/>
    <property name="java.specification.name" value="Java Platform API Specification"/>
    <property name="java.vm.specification.vendor" value="Oracle Corporation"/>
    <property name="java.awt.graphicsenv" value="sun.awt.Win32GraphicsEnvironment"/>
    <property name="surefire.real.class.path" value="C:\Users\Admin\AppData\Local\Temp\surefire5336101233077209757\surefirebooter8047015158696946392.jar"/>
    <property name="user.script" value=""/>
    <property name="sun.management.compiler" value="HotSpot 64-Bit Tiered Compilers"/>
    <property name="java.runtime.version" value="11.0.18+9-LTS-195"/>
    <property name="user.name" value="Admin"/>
    <property name="path.separator" value=";"/>
    <property name="os.version" value="10.0"/>
    <property name="java.runtime.name" value="Java(TM) SE Runtime Environment"/>
    <property name="file.encoding" value="Cp1252"/>
    <property name="java.vm.name" value="Java HotSpot(TM) 64-Bit Server VM"/>
    <property name="java.vendor.version" value="18.9"/>
    <property name="localRepository" value="C:\Users\Admin\.m2\repository"/>
    <property name="java.vendor.url.bug" value="https://bugreport.java.com/bugreport/"/>
    <property name="java.io.tmpdir" value="C:\Users\Admin\AppData\Local\Temp\"/>
    <property name="java.version" value="11.0.18"/>
    <property name="user.dir" value="C:\Users\Admin\eclipse-workspace\youCater"/>
    <property name="os.arch" value="amd64"/>
    <property name="java.vm.specification.name" value="Java Virtual Machine Specification"/>
    <property name="java.awt.printerjob" value="sun.awt.windows.WPrinterJob"/>
    <property name="sun.os.patch.level" value=""/>
    <property name="java.library.path" value="C:\Program Files\Java\jdk-11\bin;C:\Windows\Sun\Java\bin;C:\Windows\system32;C:\Windows;C:\Program Files\Java\jdk-11;C:\Program Files\Java\jdk-11\bin;C:\Program Files\Common Files\Oracle\Java\javapath;C:\Program Files (x86)\Common Files\Oracle\Java\javapath;D:\apache-maven-3.8.6\bin;C:\Windows\system32;C:\Windows;C:\Windows\System32\Wbem;C:\Windows\System32\WindowsPowerShell\v1.0\;C:\Windows\System32\OpenSSH\;C:\Users\Admin\AppData\Local\Android\Sdk\tools\bin;C:\Users\Admin\AppData\Local\Android\Sdk\tools;C:\Users\Admin\AppData\Local\Android\Sdk\platform-tools;C:\Program Files\nodejs;C:\Program Files\nodejs\;C:\Program Files\Git\cmd;C:\Program Files\Docker\Docker\resources\bin;C:\Users\Admin\AppData\Local\Microsoft\WindowsApps;C:\Users\Admin\AppData\Local\Programs\Microsoft VS Code\bin;C:\Users\Admin\AppData\Roaming\npm;."/>
    <property name="java.vendor" value="Oracle Corporation"/>
    <property name="java.vm.info" value="mixed mode"/>
    <property name="java.vm.version" value="11.0.18+9-LTS-195"/>
    <property name="sun.io.unicode.encoding" value="UnicodeLittle"/>
    <property name="java.class.version" value="55.0"/>
  </properties>
  <testcase name="privateEventTypeSelection" classname="org.youCater.userSanityTestCases.AddPrivateEventTestCases" time="4.41">
    <system-err><![CDATA[SLF4J: Failed to load class "org.slf4j.impl.StaticLoggerBinder".
SLF4J: Defaulting to no-operation (NOP) logger implementation
SLF4J: See http://www.slf4j.org/codes.html#StaticLoggerBinder for further details.
Nov 30, 2023 4:51:36 PM org.openqa.selenium.devtools.CdpVersionFinder findNearestMatch
WARNING: Unable to find an exact match for CDP version 119, so returning the closest version found: 116
Nov 30, 2023 4:51:47 PM org.openqa.selenium.devtools.CdpVersionFinder findNearestMatch
WARNING: Unable to find an exact match for CDP version 119, so returning the closest version found: 116
]]></system-err>
  </testcase>
  <testcase name="prviateOccasionTypeSelection" classname="org.youCater.userSanityTestCases.AddPrivateEventTestCases" time="11.174"/>
  <testcase name="privateDateAndTimeSelection" classname="org.youCater.userSanityTestCases.AddPrivateEventTestCases" time="9.027"/>
  <testcase name="privateGuestSelection" classname="org.youCater.userSanityTestCases.AddPrivateEventTestCases" time="7.903"/>
  <testcase name="privateProviderSelection" classname="org.youCater.userSanityTestCases.AddPrivateEventTestCases" time="4.346"/>
  <testcase name="privateCuisineTypeSelection" classname="org.youCater.userSanityTestCases.AddPrivateEventTestCases" time="14.357"/>
  <testcase name="privateFoodTypeSelection" classname="org.youCater.userSanityTestCases.AddPrivateEventTestCases" time="13.121"/>
  <testcase name="privateEventVenueSelection" classname="org.youCater.userSanityTestCases.AddPrivateEventTestCases" time="25.643"/>
  <testcase name="privateAddEventName" classname="org.youCater.userSanityTestCases.AddPrivateEventTestCases" time="11.7"/>
  <testcase name="privateBudgetSelection" classname="org.youCater.userSanityTestCases.AddPrivateEventTestCases" time="22.131"/>
  <testcase name="privateSignIn" classname="org.youCater.userSanityTestCases.AddPrivateEventTestCases" time="9.813">
    <system-out><![CDATA[5058441084
]]></system-out>
  </testcase>
  <testcase name="privateVerifyOTP" classname="org.youCater.userSanityTestCases.AddPrivateEventTestCases" time="5.456"/>
  <testcase name="privateSignUp" classname="org.youCater.userSanityTestCases.AddPrivateEventTestCases" time="15.032"/>
  <testcase name="privateEventSummary" classname="org.youCater.userSanityTestCases.AddPrivateEventTestCases" time="15.666">
    <system-out><![CDATA[Private Event Created
id: de4207b6-49ad-439e-acdb-66c02232fbbb
order_number: 1701345346601
service_category: {"value":"PRIVATE"}
start_time: null
end_time: null
is_date_flexible: 1
guests_count: 77
budget: 1336
is_budget_flexible: 1
service_event_type: {"value":"KIDS_BIRTHDAY"}
other_service_event_type: {"value":""}
provider_type: {"value":"PRIVATE_CHEFS"}
other_provider_type: {"value":""}
service_setups: []
other_service_setups: {"value":""}
dietary_requirements: []
other_dietary_requirements: {"value":""}
type_of_cuisines: [{"value":"CHEESE"}]
type_of_foods: [{"value":"SEAFOOD"}]
other_kind_of_foods: {"value":"Custom"}
extended_services: []
other_extended_services: {"value":""}
city: 4
address: {"place_id":"ChIJ41ccgW2W_BIRYC3yBQsgmJI","latitude":"36.5499","longitude":"9.4422664","place_name":"Testour, Tunisia","addressLine2":"4059 Carling Avenue, 1st floor","additionalNotes":"Khobar North, P.O.Box: 30946"}
is_searching_venue: 1
additional_remarks: 
status: 1
created_at: 2023-11-30 11:55:46.606799
updated_at: 2023-11-30 11:55:46.606799
customer_id: 2790d311-eb7e-4849-8843-13e9682ef3b0
service_id: 3c7681b0-8977-4d98-9a69-4f4cb539dfed
name: Birthday Party
event_date: 2023-12-05
cancellation_reason: null
other_cancellation_reason: null
vendor_id: null
min_budget: 750
max_budget: 1336
]]></system-out>
  </testcase>
  <testcase name="privateGoToHomePage" classname="org.youCater.userSanityTestCases.AddPrivateEventTestCases" time="5.137"/>
  <testcase name="goToProfile" classname="org.youCater.userSanityTestCases.ProfileTestCases" time="5.736"/>
  <testcase name="editProfile" classname="org.youCater.userSanityTestCases.ProfileTestCases" time="9.041"/>
  <testcase name="logout" classname="org.youCater.userSanityTestCases.ProfileTestCases" time="6.292"/>
  <testcase name="signInAfterLogout" classname="org.youCater.userSanityTestCases.ProfileTestCases" time="11.932"/>
  <testcase name="corporateEventTypeSelection" classname="org.youCater.userSanityTestCases.AddCorporateEventTestCases" time="3.269"/>
  <testcase name="corporateEventTypeSelection" classname="org.youCater.userSanityTestCases.AddCorporateEventTestCases" time="3.34"/>
  <testcase name="corporateEventTypeSelection" classname="org.youCater.userSanityTestCases.AddCorporateEventTestCases" time="3.201"/>
  <testcase name="corporateOccasionTypeSelection" classname="org.youCater.userSanityTestCases.AddCorporateEventTestCases" time="13.155"/>
  <testcase name="corporateOccasionTypeSelection" classname="org.youCater.userSanityTestCases.AddCorporateEventTestCases" time="13.175"/>
  <testcase name="corporateOccasionTypeSelection" classname="org.youCater.userSanityTestCases.AddCorporateEventTestCases" time="13.255"/>
  <testcase name="corporateDateAndTimeSelection" classname="org.youCater.userSanityTestCases.AddCorporateEventTestCases" time="6.459"/>
  <testcase name="corporateDateAndTimeSelection" classname="org.youCater.userSanityTestCases.AddCorporateEventTestCases" time="6.822"/>
  <testcase name="corporateDateAndTimeSelection" classname="org.youCater.userSanityTestCases.AddCorporateEventTestCases" time="6.58"/>
  <testcase name="corporateGuestSelection" classname="org.youCater.userSanityTestCases.AddCorporateEventTestCases" time="4.883"/>
  <testcase name="corporateGuestSelection" classname="org.youCater.userSanityTestCases.AddCorporateEventTestCases" time="4.756"/>
  <testcase name="corporateGuestSelection" classname="org.youCater.userSanityTestCases.AddCorporateEventTestCases" time="4.879"/>
  <testcase name="corporateProviderSelection" classname="org.youCater.userSanityTestCases.AddCorporateEventTestCases" time="6.115"/>
  <testcase name="corporateProviderSelection" classname="org.youCater.userSanityTestCases.AddCorporateEventTestCases" time="6.152"/>
  <testcase name="corporateProviderSelection" classname="org.youCater.userSanityTestCases.AddCorporateEventTestCases" time="6.182"/>
  <testcase name="corporateCuisineTypeSelection" classname="org.youCater.userSanityTestCases.AddCorporateEventTestCases" time="10.19"/>
  <testcase name="corporateCuisineTypeSelection" classname="org.youCater.userSanityTestCases.AddCorporateEventTestCases" time="10.232"/>
  <testcase name="corporateCuisineTypeSelection" classname="org.youCater.userSanityTestCases.AddCorporateEventTestCases" time="10.23"/>
  <testcase name="corporateFoodTypeSelection" classname="org.youCater.userSanityTestCases.AddCorporateEventTestCases" time="12.804"/>
  <testcase name="corporateFoodTypeSelection" classname="org.youCater.userSanityTestCases.AddCorporateEventTestCases" time="13.027"/>
  <testcase name="corporateFoodTypeSelection" classname="org.youCater.userSanityTestCases.AddCorporateEventTestCases" time="12.829"/>
  <testcase name="corporateEventVenueSelection" classname="org.youCater.userSanityTestCases.AddCorporateEventTestCases" time="30.201"/>
  <testcase name="corporateEventVenueSelection" classname="org.youCater.userSanityTestCases.AddCorporateEventTestCases" time="30.392"/>
  <testcase name="corporateEventVenueSelection" classname="org.youCater.userSanityTestCases.AddCorporateEventTestCases" time="29.883"/>
  <testcase name="privateAddEventName" classname="org.youCater.userSanityTestCases.AddCorporateEventTestCases" time="11.359"/>
  <testcase name="privateAddEventName" classname="org.youCater.userSanityTestCases.AddCorporateEventTestCases" time="11.366"/>
  <testcase name="privateAddEventName" classname="org.youCater.userSanityTestCases.AddCorporateEventTestCases" time="11.415"/>
  <testcase name="corporateBudgetSelection" classname="org.youCater.userSanityTestCases.AddCorporateEventTestCases" time="16.269"/>
  <testcase name="corporateBudgetSelection" classname="org.youCater.userSanityTestCases.AddCorporateEventTestCases" time="16.365"/>
  <testcase name="corporateBudgetSelection" classname="org.youCater.userSanityTestCases.AddCorporateEventTestCases" time="16.222"/>
  <testcase name="corporateEventSummary" classname="org.youCater.userSanityTestCases.AddCorporateEventTestCases" time="15.978">
    <system-out><![CDATA[Corporate Event Created
id: a2e4fc8a-ed6d-44ea-aa70-dd52fb86d22c
order_number: 1701345516361
service_category: {"value":"CORPORATE"}
start_time: null
end_time: null
is_date_flexible: 1
guests_count: 41
budget: 1715
is_budget_flexible: 1
service_event_type: {"value":"BRAND_ACTIVATION"}
other_service_event_type: {"value":""}
provider_type: {"value":"FOOD_TRUCK"}
other_provider_type: {"value":""}
service_setups: []
other_service_setups: {"value":""}
dietary_requirements: []
other_dietary_requirements: {"value":""}
type_of_cuisines: [{"value":"FRENCH"}]
type_of_foods: [{"value":"FUSION"}]
other_kind_of_foods: {"value":"Custom"}
extended_services: []
other_extended_services: {"value":""}
city: 1
address: {"place_id":"ChIJE47T5i5gLxMRhiCxCUAFq4Q","latitude":"41.87595200000001","longitude":"12.475694","place_name":"Testaccio, Rome, Metropolitan City of Rome Capital, Italy","addressLine2":"4059 Carling Avenue, 1st floor","additionalNotes":"Khobar North, P.O.Box: 30946"}
is_searching_venue: 1
additional_remarks: 
status: 1
created_at: 2023-11-30 11:58:36.363054
updated_at: 2023-11-30 11:58:36.363054
customer_id: 2790d311-eb7e-4849-8843-13e9682ef3b0
service_id: 3c7681b0-8977-4d98-9a69-4f4cb539dfed
name: Dinner
event_date: 2023-12-23
cancellation_reason: null
other_cancellation_reason: null
vendor_id: null
min_budget: 520
max_budget: 1715
]]></system-out>
  </testcase>
  <testcase name="corporateEventSummary" classname="org.youCater.userSanityTestCases.AddCorporateEventTestCases" time="13.425">
    <system-out><![CDATA[Corporate Event Created
id: 4778e832-4569-4b6c-9e03-2073dca87246
order_number: 1701345951416
service_category: {"value":"CORPORATE"}
start_time: null
end_time: null
is_date_flexible: 1
guests_count: 276
budget: 1103
is_budget_flexible: 1
service_event_type: {"value":"BRAND_ACTIVATION"}
other_service_event_type: {"value":""}
provider_type: {"value":"FOOD_TRUCK"}
other_provider_type: {"value":""}
service_setups: []
other_service_setups: {"value":""}
dietary_requirements: []
other_dietary_requirements: {"value":""}
type_of_cuisines: [{"value":"FRENCH"}]
type_of_foods: [{"value":"FUSION"}]
other_kind_of_foods: {"value":"Custom"}
extended_services: []
other_extended_services: {"value":""}
city: 1
address: {"place_id":"ChIJE47T5i5gLxMRhiCxCUAFq4Q","latitude":"41.87595200000001","longitude":"12.475694","place_name":"Testaccio, Rome, Metropolitan City of Rome Capital, Italy","addressLine2":"4059 Carling Avenue, 1st floor","additionalNotes":"Khobar North, P.O.Box: 30946"}
is_searching_venue: 1
additional_remarks: 
status: 1
created_at: 2023-11-30 12:05:51.418614
updated_at: 2023-11-30 12:05:51.418614
customer_id: 2790d311-eb7e-4849-8843-13e9682ef3b0
service_id: 3c7681b0-8977-4d98-9a69-4f4cb539dfed
name: Birthday Party
event_date: 2023-12-22
cancellation_reason: null
other_cancellation_reason: null
vendor_id: null
min_budget: 801
max_budget: 1103
]]></system-out>
  </testcase>
  <testcase name="corporateEventSummary" classname="org.youCater.userSanityTestCases.AddCorporateEventTestCases" time="13.208">
    <system-out><![CDATA[Corporate Event Created
id: 51271527-29c4-494d-9457-2b35b9c94706
order_number: 1701346198832
service_category: {"value":"CORPORATE"}
start_time: null
end_time: null
is_date_flexible: 1
guests_count: 171
budget: 1307
is_budget_flexible: 1
service_event_type: {"value":"BRAND_ACTIVATION"}
other_service_event_type: {"value":""}
provider_type: {"value":"FOOD_TRUCK"}
other_provider_type: {"value":""}
service_setups: []
other_service_setups: {"value":""}
dietary_requirements: []
other_dietary_requirements: {"value":""}
type_of_cuisines: [{"value":"FRENCH"}]
type_of_foods: [{"value":"FUSION"}]
other_kind_of_foods: {"value":"Custom"}
extended_services: []
other_extended_services: {"value":""}
city: 1
address: {"place_id":"ChIJJedYjPy3RIYR6i3mJif1om8","latitude":"30.22262199999999","longitude":"-97.61881620000001","place_name":"Tesla Giga Texas, Tesla Road, Austin, TX","addressLine2":"4059 Carling Avenue, 1st floor","additionalNotes":"Khobar North, P.O.Box: 30946"}
is_searching_venue: 1
additional_remarks: 
status: 1
created_at: 2023-11-30 12:09:58.834464
updated_at: 2023-11-30 12:09:58.834464
customer_id: 2790d311-eb7e-4849-8843-13e9682ef3b0
service_id: 3c7681b0-8977-4d98-9a69-4f4cb539dfed
name: Afternoon Tea
event_date: 2023-12-08
cancellation_reason: null
other_cancellation_reason: null
vendor_id: null
min_budget: 743
max_budget: 1307
]]></system-out>
  </testcase>
  <testcase name="corporateGoToHomePage" classname="org.youCater.userSanityTestCases.AddCorporateEventTestCases" time="5.135"/>
  <testcase name="corporateGoToHomePage" classname="org.youCater.userSanityTestCases.AddCorporateEventTestCases" time="5.106"/>
  <testcase name="corporateGoToHomePage" classname="org.youCater.userSanityTestCases.AddCorporateEventTestCases" time="5.129"/>
  <testcase name="selectEventsOnHomePage" classname="org.youCater.userSanityTestCases.CancelEventTestCases" time="21.365"/>
  <testcase name="cancelEvent" classname="org.youCater.userSanityTestCases.CancelEventTestCases" time="22.677"/>
  <testcase name="findCaterers" classname="org.youCater.userSanityTestCases.SendBidRequestTestCases" time="14.304"/>
  <testcase name="findCaterers" classname="org.youCater.userSanityTestCases.SendBidRequestTestCases" time="14.289"/>
  <testcase name="selecCaterer" classname="org.youCater.userSanityTestCases.SendBidRequestTestCases" time="6.289"/>
  <testcase name="selecCaterer" classname="org.youCater.userSanityTestCases.SendBidRequestTestCases" time="6.295"/>
  <testcase name="partnerDetail" classname="org.youCater.userSanityTestCases.SendBidRequestTestCases" time="17.643"/>
  <testcase name="partnerDetail" classname="org.youCater.userSanityTestCases.SendBidRequestTestCases" time="17.445"/>
  <testcase name="sendRequest" classname="org.youCater.userSanityTestCases.SendBidRequestTestCases" time="16.702"/>
  <testcase name="sendRequest" classname="org.youCater.userSanityTestCases.SendBidRequestTestCases" time="16.665"/>
  <testcase name="login" classname="org.youCater.ventorSanitytestCases.VendorLoginTestCases" time="16.469">
    <system-out><![CDATA[Email sent successfully!
]]></system-out>
  </testcase>
  <testcase name="goToActiveEvents" classname="org.youCater.ventorSanitytestCases.RequestAcceptanceAndQuoteSubmissionTestCases" time="2.135"/>
  <testcase name="goToDirectEvents" classname="org.youCater.ventorSanitytestCases.RequestAcceptanceAndQuoteSubmissionTestCases" time="2.265"/>
  <testcase name="selectADirectEvent" classname="org.youCater.ventorSanitytestCases.RequestAcceptanceAndQuoteSubmissionTestCases" time="0.305"/>
  <testcase name="checkDetails" classname="org.youCater.ventorSanitytestCases.RequestAcceptanceAndQuoteSubmissionTestCases" time="8.152"/>
  <testcase name="acceptRequest" classname="org.youCater.ventorSanitytestCases.RequestAcceptanceAndQuoteSubmissionTestCases" time="6.191"/>
  <testcase name="goToChatMenu" classname="org.youCater.ventorSanitytestCases.RequestAcceptanceAndQuoteSubmissionTestCases" time="14.673"/>
  <testcase name="goToMyQuoteMenu" classname="org.youCater.ventorSanitytestCases.RequestAcceptanceAndQuoteSubmissionTestCases" time="3.254"/>
  <testcase name="submitQuote" classname="org.youCater.ventorSanitytestCases.RequestAcceptanceAndQuoteSubmissionTestCases" time="12.983"/>
  <testcase name="selectEventsOnHomePage" classname="org.youCater.userSanityTestCases.AcceptQuoteTestCases" time="11.076"/>
  <testcase name="viewPartnerProfile" classname="org.youCater.userSanityTestCases.AcceptQuoteTestCases" time="27.647"/>
  <testcase name="selectActiveQuote" classname="org.youCater.userSanityTestCases.AcceptQuoteTestCases" time="3.097"/>
  <testcase name="AcceptQuote" classname="org.youCater.userSanityTestCases.AcceptQuoteTestCases" time="29.569"/>
  <testcase name="makePayment" classname="org.youCater.userSanityTestCases.AcceptQuoteTestCases" time="57.379">
    <system-out><![CDATA[In payment
]]></system-out>
  </testcase>
  <testcase name="declineRequest" classname="org.youCater.ventorSanitytestCases.DeclineRequestTestCases" time="46.222"/>
  <testcase name="reOpenRequest" classname="org.youCater.ventorSanitytestCases.ReOpenDeclinedRequest" time="10.564">
    <system-out><![CDATA[Email sent successfully!
]]></system-out>
  </testcase>
  <testcase name="showInterest" classname="org.youCater.ventorSanitytestCases.ShowInterestInAnEvent" time="63.29"/>
  <testcase name="selectEvent" classname="org.youCater.userSanityTestCases.DeclineQuoteTestCases" time="12.969"/>
  <testcase name="declineQuote" classname="org.youCater.userSanityTestCases.DeclineQuoteTestCases" time="28.28"/>
</testsuite>