<?xml version="1.0" encoding="UTF-8"?>
<!-- Generated by org.testng.reporters.JUnitReportReporter -->
<testsuite hostname="DESKTOP-88KK6AE" failures="0" tests="2" name="org.youCater.userRegressionTestCases.SignUpTestCases" time="27.869" errors="0" timestamp="2024-06-24T16:09:48 PKT" skipped="0">
  <testcase classname="org.youCater.userRegressionTestCases.SignUpTestCases" name="DoSignUp" time="20.995"/>
  <system-out/>
  <testcase classname="org.youCater.userRegressionTestCases.SignUpTestCases" name="goToProfile" time="6.874"/>
  <system-out/>
</testsuite> <!-- org.youCater.userRegressionTestCases.SignUpTestCases -->
