<?xml version="1.0" encoding="UTF-8"?>
<!-- Generated by org.testng.reporters.JUnitReportReporter -->
<testsuite hostname="DESKTOP-QI6H2EA" failures="0" tests="1" name="org.youCater.testCases.test" time="20.513" errors="0" timestamp="2023-10-26T14:16:54 PKT" skipped="0">
  <testcase classname="org.youCater.testCases.test" name="configureChrome" time="20.513"/>
  <system-out/>
</testsuite> <!-- org.youCater.testCases.test -->
