<?xml version="1.0" encoding="UTF-8"?>
<!-- Generated by org.testng.reporters.JUnitReportReporter -->
<testsuite hostname="DESKTOP-88KK6AE" failures="0" tests="1" name="org.youCater.userRegressionTestCases.ForgotPasswordTestCases" time="17.526" errors="0" timestamp="2024-06-24T16:09:48 PKT" skipped="0">
  <testcase classname="org.youCater.userRegressionTestCases.ForgotPasswordTestCases" name="ForgotPassword" time="17.526"/>
  <system-out/>
</testsuite> <!-- org.youCater.userRegressionTestCases.ForgotPasswordTestCases -->
