<?xml version="1.0" encoding="UTF-8"?>
<!-- Generated by org.testng.reporters.JUnitReportReporter -->
<testsuite hostname="DESKTOP-QI6H2EA" failures="0" tests="1" name="org.youCater.ventorSanitytestCases.ReOpenDeclinedRequest" time="8.488" errors="0" timestamp="2024-08-13T11:57:48 PKT" skipped="0">
  <testcase classname="org.youCater.ventorSanitytestCases.ReOpenDeclinedRequest" name="reOpenRequest" time="8.488"/>
  <system-out/>
</testsuite> <!-- org.youCater.ventorSanitytestCases.ReOpenDeclinedRequest -->
