<?xml version="1.0" encoding="UTF-8"?>
<!-- Generated by org.testng.reporters.JUnitReportReporter -->
<testsuite hostname="DESKTOP-QI6H2EA" failures="0" tests="2" name="org.youCater.userSanityTestCases.DeclineQuoteTestCases" time="29.884" errors="0" timestamp="2024-08-13T11:57:48 PKT" skipped="0">
  <testcase classname="org.youCater.userSanityTestCases.DeclineQuoteTestCases" name="selectEvent" time="2.199"/>
  <system-out/>
  <testcase classname="org.youCater.userSanityTestCases.DeclineQuoteTestCases" name="declineQuote" time="27.685"/>
  <system-out/>
</testsuite> <!-- org.youCater.userSanityTestCases.DeclineQuoteTestCases -->
