<?xml version="1.0" encoding="UTF-8"?>
<!-- Generated by org.testng.reporters.JUnitReportReporter -->
<testsuite hostname="DESKTOP-QI6H2EA" failures="0" tests="5" name="org.youCater.ventorSanitytestCases.ActiveEventsInProgress" time="35.355" errors="0" timestamp="2023-11-18T10:44:12 PKT" skipped="0">
  <testcase classname="org.youCater.ventorSanitytestCases.ActiveEventsInProgress" name="goToInProgressEvents" time="11.030"/>
  <system-out/>
  <testcase classname="org.youCater.ventorSanitytestCases.ActiveEventsInProgress" name="selectAnEvent" time="3.209"/>
  <system-out/>
  <testcase classname="org.youCater.ventorSanitytestCases.ActiveEventsInProgress" name="goToChatMenu" time="5.198"/>
  <system-out/>
  <testcase classname="org.youCater.ventorSanitytestCases.ActiveEventsInProgress" name="goToMyQuoteMenu" time="3.169"/>
  <system-out/>
  <testcase classname="org.youCater.ventorSanitytestCases.ActiveEventsInProgress" name="submitQuote" time="12.749"/>
  <system-out/>
</testsuite> <!-- org.youCater.ventorSanitytestCases.ActiveEventsInProgress -->
