<?xml version="1.0" encoding="UTF-8"?>
<!-- Generated by org.testng.reporters.JUnitReportReporter -->
<testsuite hostname="DESKTOP-QI6H2EA" failures="0" tests="1" name="org.youCater.userSanityTestCases.CancelEventAfterDeclingTheQuoteTestCases" time="14.699" errors="0" timestamp="2024-08-13T11:57:48 PKT" skipped="0">
  <testcase classname="org.youCater.userSanityTestCases.CancelEventAfterDeclingTheQuoteTestCases" name="cancelEventAfterDeclingQuote" time="14.699"/>
  <system-out/>
</testsuite> <!-- org.youCater.userSanityTestCases.CancelEventAfterDeclingTheQuoteTestCases -->
