<?xml version="1.0" encoding="UTF-8"?>
<!-- Generated by org.testng.reporters.JUnitReportReporter -->
<testsuite hostname="DESKTOP-88KK6AE" failures="0" tests="1" name="org.youCater.ventorSanitytestCases.VendorMakeACall" time="9.027" errors="0" timestamp="2024-06-25T12:53:12 PKT" skipped="0">
  <testcase classname="org.youCater.ventorSanitytestCases.VendorMakeACall" name="MakeACall" time="9.027"/>
  <system-out/>
</testsuite> <!-- org.youCater.ventorSanitytestCases.VendorMakeACall -->
