<?xml version="1.0" encoding="UTF-8"?>
<!-- Generated by org.testng.reporters.JUnitReportReporter -->
<testsuite hostname="DESKTOP-QI6H2EA" failures="0" tests="11" name="org.youCater.ventorSanitytestCases.EventDirectoryTestCases" time="46.733" errors="0" timestamp="2023-11-18T16:26:43 PKT" skipped="0">
  <testcase classname="org.youCater.ventorSanitytestCases.EventDirectoryTestCases" name="goToActiveEvents" time="2.116"/>
  <system-out/>
  <testcase classname="org.youCater.ventorSanitytestCases.EventDirectoryTestCases" name="goToEventDirectory" time="0.110"/>
  <system-out/>
  <testcase classname="org.youCater.ventorSanitytestCases.EventDirectoryTestCases" name="selectAnEvent" time="6.231"/>
  <system-out/>
  <testcase classname="org.youCater.ventorSanitytestCases.EventDirectoryTestCases" name="goToChatMenu1" time="5.265"/>
  <system-out/>
  <testcase classname="org.youCater.ventorSanitytestCases.EventDirectoryTestCases" name="goToMyQuoteMenu1" time="3.157"/>
  <system-out/>
  <testcase classname="org.youCater.ventorSanitytestCases.EventDirectoryTestCases" name="acceptRequest" time="3.148"/>
  <system-out/>
  <testcase classname="org.youCater.ventorSanitytestCases.EventDirectoryTestCases" name="goToInProgressEvents" time="2.304"/>
  <system-out/>
  <testcase classname="org.youCater.ventorSanitytestCases.EventDirectoryTestCases" name="selectAPendingEvent" time="3.227"/>
  <system-out/>
  <testcase classname="org.youCater.ventorSanitytestCases.EventDirectoryTestCases" name="goToChatMenu" time="5.296"/>
  <system-out/>
  <testcase classname="org.youCater.ventorSanitytestCases.EventDirectoryTestCases" name="goToMyQuoteMenu" time="3.147"/>
  <system-out/>
  <testcase classname="org.youCater.ventorSanitytestCases.EventDirectoryTestCases" name="submitQuote" time="12.732"/>
  <system-out/>
</testsuite> <!-- org.youCater.ventorSanitytestCases.EventDirectoryTestCases -->
