<?xml version="1.0" encoding="UTF-8"?>
<!-- Generated by org.testng.reporters.JUnitReportReporter -->
<testsuite hostname="DESKTOP-88KK6AE" failures="0" tests="4" name="org.youCater.userSanityTestCases.AcceptQuoteTestCases" time="81.682" errors="0" timestamp="2024-06-25T12:53:12 PKT" skipped="0">
  <testcase classname="org.youCater.userSanityTestCases.AcceptQuoteTestCases" name="selectEventsOnHomePage" time="4.912"/>
  <system-out/>
  <testcase classname="org.youCater.userSanityTestCases.AcceptQuoteTestCases" name="selectActiveQuote" time="2.072"/>
  <system-out/>
  <testcase classname="org.youCater.userSanityTestCases.AcceptQuoteTestCases" name="AcceptQuote" time="37.654"/>
  <system-out/>
  <testcase classname="org.youCater.userSanityTestCases.AcceptQuoteTestCases" name="makePayment" time="37.044"/>
  <system-out/>
</testsuite> <!-- org.youCater.userSanityTestCases.AcceptQuoteTestCases -->
