<?xml version="1.0" encoding="UTF-8"?>
<!-- Generated by org.testng.reporters.JUnitReportReporter -->
<testsuite hostname="DESKTOP-QI6H2EA" failures="0" tests="4" name="org.youCater.userSanityTestCases.SendBidRequestTestCases" time="32.095" errors="0" timestamp="2024-08-13T11:57:48 PKT" skipped="0">
  <testcase classname="org.youCater.userSanityTestCases.SendBidRequestTestCases" name="findCaterers" time="10.308"/>
  <system-out/>
  <testcase classname="org.youCater.userSanityTestCases.SendBidRequestTestCases" name="selecCaterer" time="4.440"/>
  <system-out/>
  <testcase classname="org.youCater.userSanityTestCases.SendBidRequestTestCases" name="partnerDetail" time="2.147"/>
  <system-out/>
  <testcase classname="org.youCater.userSanityTestCases.SendBidRequestTestCases" name="sendRequest" time="15.200"/>
  <system-out/>
</testsuite> <!-- org.youCater.userSanityTestCases.SendBidRequestTestCases -->
