<?xml version="1.0" encoding="UTF-8"?>
<!-- Generated by org.testng.reporters.JUnitReportReporter -->
<testsuite hostname="DESKTOP-QI6H2EA" failures="0" tests="2" name="org.youCater.ventorSanitytestCases.ShowInterestInAnEvent" time="44.043" errors="0" timestamp="2024-08-13T11:57:48 PKT" skipped="0">
  <testcase classname="org.youCater.ventorSanitytestCases.ShowInterestInAnEvent" name="showInterest" time="19.189"/>
  <system-out/>
  <testcase classname="org.youCater.ventorSanitytestCases.ShowInterestInAnEvent" name="SubmitQuote" time="24.854"/>
  <system-out/>
</testsuite> <!-- org.youCater.ventorSanitytestCases.ShowInterestInAnEvent -->
