<?xml version="1.0" encoding="UTF-8"?>
<!-- Generated by org.testng.reporters.JUnitReportReporter -->
<testsuite hostname="DESKTOP-QI6H2EA" failures="0" tests="16" name="org.youCater.userSanityTestCases.AddCorporateEventTestCases" time="165.685" errors="0" timestamp="2023-11-13T14:09:54 PKT" skipped="0">
  <testcase classname="org.youCater.userSanityTestCases.AddCorporateEventTestCases" name="corporateEventTypeSelection" time="6.589"/>
  <system-out/>
  <testcase classname="org.youCater.userSanityTestCases.AddCorporateEventTestCases" name="corporateOccasionTypeSelection" time="16.400"/>
  <system-out/>
  <testcase classname="org.youCater.userSanityTestCases.AddCorporateEventTestCases" name="privateAddEventName" time="16.409"/>
  <system-out/>
  <testcase classname="org.youCater.userSanityTestCases.AddCorporateEventTestCases" name="corporateDateAndTimeSelection" time="6.468"/>
  <system-out/>
  <testcase classname="org.youCater.userSanityTestCases.AddCorporateEventTestCases" name="corporateGuestSelection" time="4.451"/>
  <system-out/>
  <testcase classname="org.youCater.userSanityTestCases.AddCorporateEventTestCases" name="corporateBudgetSelection" time="4.451"/>
  <system-out/>
  <testcase classname="org.youCater.userSanityTestCases.AddCorporateEventTestCases" name="corporateProviderSelection" time="6.384"/>
  <system-out/>
  <testcase classname="org.youCater.userSanityTestCases.AddCorporateEventTestCases" name="corporateCuisineTypeSelection" time="10.147"/>
  <system-out/>
  <testcase classname="org.youCater.userSanityTestCases.AddCorporateEventTestCases" name="corporateFoodTypeSelection" time="12.762"/>
  <system-out/>
  <testcase classname="org.youCater.userSanityTestCases.AddCorporateEventTestCases" name="corporateServiceStyleSelection" time="12.813"/>
  <system-out/>
  <testcase classname="org.youCater.userSanityTestCases.AddCorporateEventTestCases" name="corporateDietaryRequirementsSelection" time="5.275"/>
  <system-out/>
  <testcase classname="org.youCater.userSanityTestCases.AddCorporateEventTestCases" name="corporateAdditionalServicesSelection" time="5.272"/>
  <system-out/>
  <testcase classname="org.youCater.userSanityTestCases.AddCorporateEventTestCases" name="corporateEventVenueSelection" time="36.894"/>
  <system-out/>
  <testcase classname="org.youCater.userSanityTestCases.AddCorporateEventTestCases" name="CorporateEventSpecialRequest" time="4.513"/>
  <system-out/>
  <testcase classname="org.youCater.userSanityTestCases.AddCorporateEventTestCases" name="corporateEventSummary" time="11.739"/>
  <system-out/>
  <testcase classname="org.youCater.userSanityTestCases.AddCorporateEventTestCases" name="corporateGoToHomePage" time="5.118"/>
  <system-out/>
</testsuite> <!-- org.youCater.userSanityTestCases.AddCorporateEventTestCases -->
