<?xml version="1.0" encoding="UTF-8"?>
<!-- Generated by org.testng.reporters.JUnitReportReporter -->
<testsuite hostname="DESKTOP-QI6H2EA" failures="0" tests="14" name="org.youCater.testCases.AddEventTestCases" time="139.116" errors="0" timestamp="2023-10-30T13:52:45 EET" skipped="0">
  <testcase classname="org.youCater.testCases.AddEventTestCases" name="eventTypeSelection" time="7.315"/>
  <system-out/>
  <testcase classname="org.youCater.testCases.AddEventTestCases" name="occasionTypeSelection" time="16.329"/>
  <system-out/>
  <testcase classname="org.youCater.testCases.AddEventTestCases" name="dateAndTimeSelection" time="3.447"/>
  <system-out/>
  <testcase classname="org.youCater.testCases.AddEventTestCases" name="guestSelection" time="5.033"/>
  <system-out/>
  <testcase classname="org.youCater.testCases.AddEventTestCases" name="budgetSelection" time="4.766"/>
  <system-out/>
  <testcase classname="org.youCater.testCases.AddEventTestCases" name="providerSelection" time="4.477"/>
  <system-out/>
  <testcase classname="org.youCater.testCases.AddEventTestCases" name="foodTypeSelection" time="13.850"/>
  <system-out/>
  <testcase classname="org.youCater.testCases.AddEventTestCases" name="serviceStyleSelection" time="15.948"/>
  <system-out/>
  <testcase classname="org.youCater.testCases.AddEventTestCases" name="dietaryRequirementsSelection" time="5.212"/>
  <system-out/>
  <testcase classname="org.youCater.testCases.AddEventTestCases" name="additionalServicesSelection" time="8.150"/>
  <system-out/>
  <testcase classname="org.youCater.testCases.AddEventTestCases" name="eventVenueSelection" time="31.700"/>
  <system-out/>
  <testcase classname="org.youCater.testCases.AddEventTestCases" name="signIn" time="9.762"/>
  <system-out/>
  <testcase classname="org.youCater.testCases.AddEventTestCases" name="verifyOTP" time="2.472"/>
  <system-out/>
  <testcase classname="org.youCater.testCases.AddEventTestCases" name="eventSummary" time="10.655"/>
  <system-out/>
</testsuite> <!-- org.youCater.testCases.AddEventTestCases -->
