<?xml version="1.0" encoding="UTF-8"?>
<!-- Generated by org.testng.reporters.JUnitReportReporter -->
<testsuite hostname="DESKTOP-88KK6AE" failures="0" tests="5" name="org.youCater.userRegressionTestCases.FiltersTestCases" time="56.363" errors="0" timestamp="2024-06-24T16:09:48 PKT" skipped="0">
  <testcase classname="org.youCater.userRegressionTestCases.FiltersTestCases" name="loginFromHomePage" time="10.170"/>
  <system-out/>
  <testcase classname="org.youCater.userRegressionTestCases.FiltersTestCases" name="searchCaterer" time="9.120"/>
  <system-out/>
  <testcase classname="org.youCater.userRegressionTestCases.FiltersTestCases" name="selectCaterer" time="10.695"/>
  <system-out/>
  <testcase classname="org.youCater.userRegressionTestCases.FiltersTestCases" name="applyFilter" time="24.257"/>
  <system-out/>
  <testcase classname="org.youCater.userRegressionTestCases.FiltersTestCases" name="clearFilter" time="2.121"/>
  <system-out/>
</testsuite> <!-- org.youCater.userRegressionTestCases.FiltersTestCases -->
