<?xml version="1.0" encoding="UTF-8"?>
<!-- Generated by org.testng.reporters.JUnitReportReporter -->
<testsuite hostname="DESKTOP-88KK6AE" failures="0" tests="4" name="org.youCater.userSanityTestCases.ProfileTestCases" time="28.526" errors="0" timestamp="2024-06-25T12:53:12 PKT" skipped="0">
  <testcase classname="org.youCater.userSanityTestCases.ProfileTestCases" name="goToProfile" time="7.222"/>
  <system-out/>
  <testcase classname="org.youCater.userSanityTestCases.ProfileTestCases" name="editProfile" time="6.587"/>
  <system-out/>
  <testcase classname="org.youCater.userSanityTestCases.ProfileTestCases" name="logout" time="6.233"/>
  <system-out/>
  <testcase classname="org.youCater.userSanityTestCases.ProfileTestCases" name="signInAfterLogout" time="8.484"/>
  <system-out/>
</testsuite> <!-- org.youCater.userSanityTestCases.ProfileTestCases -->
