<?xml version="1.0" encoding="UTF-8"?>
<!-- Generated by org.testng.reporters.JUnitReportReporter -->
<testsuite hostname="DESKTOP-QI6H2EA" failures="0" tests="18" name="org.youCater.userRegressionTestCases.AddPrivateEventTestCases" time="243.017" errors="0" timestamp="2023-11-13T13:48:57 PKT" skipped="0">
  <testcase classname="org.youCater.userRegressionTestCases.AddPrivateEventTestCases" name="privateEventTypeSelection" time="7.710"/>
  <system-out/>
  <testcase classname="org.youCater.userRegressionTestCases.AddPrivateEventTestCases" name="prviateOccasionTypeSelection" time="20.642"/>
  <system-out/>
  <testcase classname="org.youCater.userRegressionTestCases.AddPrivateEventTestCases" name="privateAddEventName" time="8.659"/>
  <system-out/>
  <testcase classname="org.youCater.userRegressionTestCases.AddPrivateEventTestCases" name="privateDateAndTimeSelection" time="20.885"/>
  <system-out/>
  <testcase classname="org.youCater.userRegressionTestCases.AddPrivateEventTestCases" name="privateGuestSelection" time="10.979"/>
  <system-out/>
  <testcase classname="org.youCater.userRegressionTestCases.AddPrivateEventTestCases" name="privateBudgetSelection" time="10.835"/>
  <system-out/>
  <testcase classname="org.youCater.userRegressionTestCases.AddPrivateEventTestCases" name="privateProviderSelection" time="9.640"/>
  <system-out/>
  <testcase classname="org.youCater.userRegressionTestCases.AddPrivateEventTestCases" name="privateCuisineTypeSelection" time="14.545"/>
  <system-out/>
  <testcase classname="org.youCater.userRegressionTestCases.AddPrivateEventTestCases" name="privateFoodTypeSelection" time="14.822"/>
  <system-out/>
  <testcase classname="org.youCater.userRegressionTestCases.AddPrivateEventTestCases" name="privateServiceStyleSelection" time="22.078"/>
  <system-out/>
  <testcase classname="org.youCater.userRegressionTestCases.AddPrivateEventTestCases" name="privateDietaryRequirementsSelection" time="11.698"/>
  <system-out/>
  <testcase classname="org.youCater.userRegressionTestCases.AddPrivateEventTestCases" name="privateAdditionalServicesSelection" time="10.729"/>
  <system-out/>
  <testcase classname="org.youCater.userRegressionTestCases.AddPrivateEventTestCases" name="privateEventVenueSelection" time="37.774"/>
  <system-out/>
  <testcase classname="org.youCater.userRegressionTestCases.AddPrivateEventTestCases" name="privateSignIn" time="9.487"/>
  <system-out/>
  <testcase classname="org.youCater.userRegressionTestCases.AddPrivateEventTestCases" name="privateVerifyOTP" time="2.291"/>
  <system-out/>
  <testcase classname="org.youCater.userRegressionTestCases.AddPrivateEventTestCases" name="privateSignUp" time="11.630"/>
  <system-out/>
  <testcase classname="org.youCater.userRegressionTestCases.AddPrivateEventTestCases" name="privateEventSummary" time="13.511"/>
  <system-out/>
  <testcase classname="org.youCater.userRegressionTestCases.AddPrivateEventTestCases" name="privateGoToHomePage" time="5.102"/>
  <system-out/>
</testsuite> <!-- org.youCater.userRegressionTestCases.AddPrivateEventTestCases -->
